mode: set
github.com/yhonda-ohishi/etc_data_processor/src/pkg/parser/csv_parser.go:27.32,29.2 1 0
github.com/yhonda-ohishi/etc_data_processor/src/pkg/parser/csv_parser.go:32.66,33.19 1 0
github.com/yhonda-ohishi/etc_data_processor/src/pkg/parser/csv_parser.go:33.19,35.3 1 0
github.com/yhonda-ohishi/etc_data_processor/src/pkg/parser/csv_parser.go:37.2,42.16 4 0
github.com/yhonda-ohishi/etc_data_processor/src/pkg/parser/csv_parser.go:42.16,44.3 1 0
github.com/yhonda-ohishi/etc_data_processor/src/pkg/parser/csv_parser.go:46.2,46.23 1 0
github.com/yhonda-ohishi/etc_data_processor/src/pkg/parser/csv_parser.go:46.23,48.3 1 0
github.com/yhonda-ohishi/etc_data_processor/src/pkg/parser/csv_parser.go:51.2,52.51 2 0
github.com/yhonda-ohishi/etc_data_processor/src/pkg/parser/csv_parser.go:52.51,54.3 1 0
github.com/yhonda-ohishi/etc_data_processor/src/pkg/parser/csv_parser.go:56.2,56.32 1 0
github.com/yhonda-ohishi/etc_data_processor/src/pkg/parser/csv_parser.go:56.32,58.3 1 0
github.com/yhonda-ohishi/etc_data_processor/src/pkg/parser/csv_parser.go:60.2,60.46 1 0
github.com/yhonda-ohishi/etc_data_processor/src/pkg/parser/csv_parser.go:64.93,66.45 2 0
github.com/yhonda-ohishi/etc_data_processor/src/pkg/parser/csv_parser.go:66.45,71.17 3 0
github.com/yhonda-ohishi/etc_data_processor/src/pkg/parser/csv_parser.go:71.17,73.4 1 0
github.com/yhonda-ohishi/etc_data_processor/src/pkg/parser/csv_parser.go:76.3,77.17 2 0
github.com/yhonda-ohishi/etc_data_processor/src/pkg/parser/csv_parser.go:77.17,79.4 1 0
github.com/yhonda-ohishi/etc_data_processor/src/pkg/parser/csv_parser.go:81.3,92.53 2 0
github.com/yhonda-ohishi/etc_data_processor/src/pkg/parser/csv_parser.go:92.53,94.4 1 0
github.com/yhonda-ohishi/etc_data_processor/src/pkg/parser/csv_parser.go:96.3,96.45 1 0
github.com/yhonda-ohishi/etc_data_processor/src/pkg/parser/csv_parser.go:99.2,99.24 1 0
github.com/yhonda-ohishi/etc_data_processor/src/pkg/parser/csv_parser.go:103.69,105.16 2 0
github.com/yhonda-ohishi/etc_data_processor/src/pkg/parser/csv_parser.go:105.16,107.3 1 0
github.com/yhonda-ohishi/etc_data_processor/src/pkg/parser/csv_parser.go:108.2,110.22 2 0
github.com/yhonda-ohishi/etc_data_processor/src/pkg/parser/csv_parser.go:114.60,116.26 1 0
github.com/yhonda-ohishi/etc_data_processor/src/pkg/parser/csv_parser.go:116.26,118.3 1 0
github.com/yhonda-ohishi/etc_data_processor/src/pkg/parser/csv_parser.go:119.2,119.25 1 0
github.com/yhonda-ohishi/etc_data_processor/src/pkg/parser/csv_parser.go:119.25,121.3 1 0
github.com/yhonda-ohishi/etc_data_processor/src/pkg/parser/csv_parser.go:122.2,122.24 1 0
github.com/yhonda-ohishi/etc_data_processor/src/pkg/parser/csv_parser.go:122.24,124.3 1 0
github.com/yhonda-ohishi/etc_data_processor/src/pkg/parser/csv_parser.go:125.2,125.30 1 0
github.com/yhonda-ohishi/etc_data_processor/src/pkg/parser/csv_parser.go:125.30,127.3 1 0
github.com/yhonda-ohishi/etc_data_processor/src/pkg/parser/csv_parser.go:128.2,128.29 1 0
github.com/yhonda-ohishi/etc_data_processor/src/pkg/parser/csv_parser.go:128.29,130.3 1 0
github.com/yhonda-ohishi/etc_data_processor/src/pkg/parser/csv_parser.go:133.2,133.23 1 0
github.com/yhonda-ohishi/etc_data_processor/src/pkg/parser/csv_parser.go:133.23,135.3 1 0
github.com/yhonda-ohishi/etc_data_processor/src/pkg/parser/csv_parser.go:138.2,138.35 1 0
github.com/yhonda-ohishi/etc_data_processor/src/pkg/parser/csv_parser.go:138.35,140.3 1 0
github.com/yhonda-ohishi/etc_data_processor/src/pkg/parser/csv_parser.go:143.2,144.33 2 0
github.com/yhonda-ohishi/etc_data_processor/src/pkg/parser/csv_parser.go:144.33,146.3 1 0
github.com/yhonda-ohishi/etc_data_processor/src/pkg/parser/csv_parser.go:148.2,148.12 1 0
github.com/yhonda-ohishi/etc_data_processor/src/pkg/parser/etc_csv_parser.go:39.38,41.2 1 1
github.com/yhonda-ohishi/etc_data_processor/src/pkg/parser/etc_csv_parser.go:44.78,46.16 2 1
github.com/yhonda-ohishi/etc_data_processor/src/pkg/parser/etc_csv_parser.go:46.16,48.3 1 0
github.com/yhonda-ohishi/etc_data_processor/src/pkg/parser/etc_csv_parser.go:49.2,54.24 3 1
github.com/yhonda-ohishi/etc_data_processor/src/pkg/parser/etc_csv_parser.go:58.75,59.19 1 1
github.com/yhonda-ohishi/etc_data_processor/src/pkg/parser/etc_csv_parser.go:59.19,61.3 1 0
github.com/yhonda-ohishi/etc_data_processor/src/pkg/parser/etc_csv_parser.go:63.2,69.16 5 1
github.com/yhonda-ohishi/etc_data_processor/src/pkg/parser/etc_csv_parser.go:69.16,71.3 1 0
github.com/yhonda-ohishi/etc_data_processor/src/pkg/parser/etc_csv_parser.go:73.2,73.23 1 1
github.com/yhonda-ohishi/etc_data_processor/src/pkg/parser/etc_csv_parser.go:73.23,75.3 1 0
github.com/yhonda-ohishi/etc_data_processor/src/pkg/parser/etc_csv_parser.go:78.2,82.22 3 1
github.com/yhonda-ohishi/etc_data_processor/src/pkg/parser/etc_csv_parser.go:82.22,87.32 3 1
github.com/yhonda-ohishi/etc_data_processor/src/pkg/parser/etc_csv_parser.go:87.32,90.48 1 1
github.com/yhonda-ohishi/etc_data_processor/src/pkg/parser/etc_csv_parser.go:90.48,92.10 2 1
github.com/yhonda-ohishi/etc_data_processor/src/pkg/parser/etc_csv_parser.go:96.3,96.15 1 1
github.com/yhonda-ohishi/etc_data_processor/src/pkg/parser/etc_csv_parser.go:96.15,98.35 1 1
github.com/yhonda-ohishi/etc_data_processor/src/pkg/parser/etc_csv_parser.go:98.35,100.5 1 1
github.com/yhonda-ohishi/etc_data_processor/src/pkg/parser/etc_csv_parser.go:101.4,101.18 1 1
github.com/yhonda-ohishi/etc_data_processor/src/pkg/parser/etc_csv_parser.go:105.2,105.72 1 1
github.com/yhonda-ohishi/etc_data_processor/src/pkg/parser/etc_csv_parser.go:105.72,107.3 1 0
github.com/yhonda-ohishi/etc_data_processor/src/pkg/parser/etc_csv_parser.go:109.2,110.45 2 1
github.com/yhonda-ohishi/etc_data_processor/src/pkg/parser/etc_csv_parser.go:110.45,116.25 3 1
github.com/yhonda-ohishi/etc_data_processor/src/pkg/parser/etc_csv_parser.go:116.25,119.4 1 1
github.com/yhonda-ohishi/etc_data_processor/src/pkg/parser/etc_csv_parser.go:119.9,122.24 1 0
github.com/yhonda-ohishi/etc_data_processor/src/pkg/parser/etc_csv_parser.go:122.24,124.13 1 0
github.com/yhonda-ohishi/etc_data_processor/src/pkg/parser/etc_csv_parser.go:127.4,139.39 2 0
github.com/yhonda-ohishi/etc_data_processor/src/pkg/parser/etc_csv_parser.go:139.39,141.19 2 0
github.com/yhonda-ohishi/etc_data_processor/src/pkg/parser/etc_csv_parser.go:141.19,144.6 1 0
github.com/yhonda-ohishi/etc_data_processor/src/pkg/parser/etc_csv_parser.go:144.11,146.6 1 0
github.com/yhonda-ohishi/etc_data_processor/src/pkg/parser/etc_csv_parser.go:150.4,150.39 1 0
github.com/yhonda-ohishi/etc_data_processor/src/pkg/parser/etc_csv_parser.go:150.39,152.19 2 0
github.com/yhonda-ohishi/etc_data_processor/src/pkg/parser/etc_csv_parser.go:152.19,154.6 1 0
github.com/yhonda-ohishi/etc_data_processor/src/pkg/parser/etc_csv_parser.go:154.11,156.6 1 0
github.com/yhonda-ohishi/etc_data_processor/src/pkg/parser/etc_csv_parser.go:160.4,160.39 1 0
github.com/yhonda-ohishi/etc_data_processor/src/pkg/parser/etc_csv_parser.go:160.39,162.19 2 0
github.com/yhonda-ohishi/etc_data_processor/src/pkg/parser/etc_csv_parser.go:162.19,164.6 1 0
github.com/yhonda-ohishi/etc_data_processor/src/pkg/parser/etc_csv_parser.go:164.11,166.6 1 0
github.com/yhonda-ohishi/etc_data_processor/src/pkg/parser/etc_csv_parser.go:170.4,170.40 1 0
github.com/yhonda-ohishi/etc_data_processor/src/pkg/parser/etc_csv_parser.go:170.40,172.19 2 0
github.com/yhonda-ohishi/etc_data_processor/src/pkg/parser/etc_csv_parser.go:172.19,174.6 1 0
github.com/yhonda-ohishi/etc_data_processor/src/pkg/parser/etc_csv_parser.go:174.11,176.6 1 0
github.com/yhonda-ohishi/etc_data_processor/src/pkg/parser/etc_csv_parser.go:180.4,189.48 4 0
github.com/yhonda-ohishi/etc_data_processor/src/pkg/parser/etc_csv_parser.go:193.3,193.53 1 1
github.com/yhonda-ohishi/etc_data_processor/src/pkg/parser/etc_csv_parser.go:193.54,196.4 0 0
github.com/yhonda-ohishi/etc_data_processor/src/pkg/parser/etc_csv_parser.go:198.3,198.45 1 1
github.com/yhonda-ohishi/etc_data_processor/src/pkg/parser/etc_csv_parser.go:201.2,201.24 1 1
github.com/yhonda-ohishi/etc_data_processor/src/pkg/parser/etc_csv_parser.go:205.59,210.31 2 1
github.com/yhonda-ohishi/etc_data_processor/src/pkg/parser/etc_csv_parser.go:210.31,212.17 2 1
github.com/yhonda-ohishi/etc_data_processor/src/pkg/parser/etc_csv_parser.go:212.17,214.4 1 0
github.com/yhonda-ohishi/etc_data_processor/src/pkg/parser/etc_csv_parser.go:215.3,215.20 1 1
github.com/yhonda-ohishi/etc_data_processor/src/pkg/parser/etc_csv_parser.go:219.2,220.16 2 1
github.com/yhonda-ohishi/etc_data_processor/src/pkg/parser/etc_csv_parser.go:220.16,222.3 1 1
github.com/yhonda-ohishi/etc_data_processor/src/pkg/parser/etc_csv_parser.go:223.2,223.19 1 1
github.com/yhonda-ohishi/etc_data_processor/src/pkg/parser/etc_csv_parser.go:227.69,232.29 1 1
github.com/yhonda-ohishi/etc_data_processor/src/pkg/parser/etc_csv_parser.go:232.29,234.3 1 0
github.com/yhonda-ohishi/etc_data_processor/src/pkg/parser/etc_csv_parser.go:237.2,237.28 1 1
github.com/yhonda-ohishi/etc_data_processor/src/pkg/parser/etc_csv_parser.go:237.28,239.17 2 1
github.com/yhonda-ohishi/etc_data_processor/src/pkg/parser/etc_csv_parser.go:239.17,241.4 1 0
github.com/yhonda-ohishi/etc_data_processor/src/pkg/parser/etc_csv_parser.go:244.2,244.27 1 1
github.com/yhonda-ohishi/etc_data_processor/src/pkg/parser/etc_csv_parser.go:244.27,246.17 2 1
github.com/yhonda-ohishi/etc_data_processor/src/pkg/parser/etc_csv_parser.go:246.17,248.4 1 0
github.com/yhonda-ohishi/etc_data_processor/src/pkg/parser/etc_csv_parser.go:251.2,251.12 1 1
github.com/yhonda-ohishi/etc_data_processor/src/pkg/parser/etc_csv_parser.go:255.69,258.21 2 1
github.com/yhonda-ohishi/etc_data_processor/src/pkg/parser/etc_csv_parser.go:258.21,260.3 1 1
github.com/yhonda-ohishi/etc_data_processor/src/pkg/parser/etc_csv_parser.go:262.2,263.16 2 1
github.com/yhonda-ohishi/etc_data_processor/src/pkg/parser/etc_csv_parser.go:263.16,265.3 1 0
github.com/yhonda-ohishi/etc_data_processor/src/pkg/parser/etc_csv_parser.go:267.2,267.16 1 1
github.com/yhonda-ohishi/etc_data_processor/src/pkg/parser/etc_csv_parser.go:267.16,268.16 1 1
github.com/yhonda-ohishi/etc_data_processor/src/pkg/parser/etc_csv_parser.go:268.16,270.4 1 1
github.com/yhonda-ohishi/etc_data_processor/src/pkg/parser/etc_csv_parser.go:270.9,272.4 1 0
github.com/yhonda-ohishi/etc_data_processor/src/pkg/parser/etc_csv_parser.go:275.2,276.16 2 1
github.com/yhonda-ohishi/etc_data_processor/src/pkg/parser/etc_csv_parser.go:276.16,278.3 1 0
github.com/yhonda-ohishi/etc_data_processor/src/pkg/parser/etc_csv_parser.go:280.2,281.16 2 1
github.com/yhonda-ohishi/etc_data_processor/src/pkg/parser/etc_csv_parser.go:281.16,283.3 1 0
github.com/yhonda-ohishi/etc_data_processor/src/pkg/parser/etc_csv_parser.go:285.2,285.75 1 1
github.com/yhonda-ohishi/etc_data_processor/src/pkg/parser/etc_csv_parser.go:289.89,291.16 2 1
github.com/yhonda-ohishi/etc_data_processor/src/pkg/parser/etc_csv_parser.go:291.16,294.17 2 1
github.com/yhonda-ohishi/etc_data_processor/src/pkg/parser/etc_csv_parser.go:294.17,296.4 1 0
github.com/yhonda-ohishi/etc_data_processor/src/pkg/parser/etc_csv_parser.go:300.2,301.17 2 1
github.com/yhonda-ohishi/etc_data_processor/src/pkg/parser/etc_csv_parser.go:301.17,303.3 1 1
github.com/yhonda-ohishi/etc_data_processor/src/pkg/parser/etc_csv_parser.go:305.2,305.16 1 1
github.com/yhonda-ohishi/etc_data_processor/src/pkg/parser/etc_csv_parser.go:305.16,307.3 1 0
github.com/yhonda-ohishi/etc_data_processor/src/pkg/parser/etc_csv_parser.go:309.2,317.8 1 1
github.com/yhonda-ohishi/etc_data_processor/src/pkg/parser/etc_csv_parser.go:321.72,322.25 1 0
github.com/yhonda-ohishi/etc_data_processor/src/pkg/parser/etc_csv_parser.go:322.25,324.3 1 0
github.com/yhonda-ohishi/etc_data_processor/src/pkg/parser/etc_csv_parser.go:325.2,325.11 1 0
github.com/yhonda-ohishi/etc_data_processor/src/pkg/parser/etc_csv_parser.go:329.100,345.27 10 1
github.com/yhonda-ohishi/etc_data_processor/src/pkg/parser/etc_csv_parser.go:345.27,347.17 2 1
github.com/yhonda-ohishi/etc_data_processor/src/pkg/parser/etc_csv_parser.go:347.17,349.4 1 1
github.com/yhonda-ohishi/etc_data_processor/src/pkg/parser/etc_csv_parser.go:353.2,354.23 2 1
github.com/yhonda-ohishi/etc_data_processor/src/pkg/parser/etc_csv_parser.go:354.23,356.17 2 1
github.com/yhonda-ohishi/etc_data_processor/src/pkg/parser/etc_csv_parser.go:356.17,358.4 1 1
github.com/yhonda-ohishi/etc_data_processor/src/pkg/parser/etc_csv_parser.go:362.2,363.24 2 1
github.com/yhonda-ohishi/etc_data_processor/src/pkg/parser/etc_csv_parser.go:363.24,365.17 2 1
github.com/yhonda-ohishi/etc_data_processor/src/pkg/parser/etc_csv_parser.go:365.17,367.4 1 1
github.com/yhonda-ohishi/etc_data_processor/src/pkg/parser/etc_csv_parser.go:371.2,372.26 2 1
github.com/yhonda-ohishi/etc_data_processor/src/pkg/parser/etc_csv_parser.go:372.26,374.32 2 1
github.com/yhonda-ohishi/etc_data_processor/src/pkg/parser/etc_csv_parser.go:374.32,377.4 1 1
github.com/yhonda-ohishi/etc_data_processor/src/pkg/parser/etc_csv_parser.go:381.2,382.27 2 1
github.com/yhonda-ohishi/etc_data_processor/src/pkg/parser/etc_csv_parser.go:382.27,384.17 2 1
github.com/yhonda-ohishi/etc_data_processor/src/pkg/parser/etc_csv_parser.go:384.17,386.4 1 1
github.com/yhonda-ohishi/etc_data_processor/src/pkg/parser/etc_csv_parser.go:389.2,393.18 4 1
github.com/yhonda-ohishi/etc_data_processor/src/pkg/parser/etc_csv_parser.go:397.114,398.41 1 1
github.com/yhonda-ohishi/etc_data_processor/src/pkg/parser/etc_csv_parser.go:398.41,399.51 1 1
github.com/yhonda-ohishi/etc_data_processor/src/pkg/parser/etc_csv_parser.go:399.51,400.25 1 1
github.com/yhonda-ohishi/etc_data_processor/src/pkg/parser/etc_csv_parser.go:400.25,402.5 1 1
github.com/yhonda-ohishi/etc_data_processor/src/pkg/parser/etc_csv_parser.go:405.2,405.11 1 1
github.com/yhonda-ohishi/etc_data_processor/src/pkg/parser/etc_csv_parser.go:409.79,411.22 2 0
github.com/yhonda-ohishi/etc_data_processor/src/pkg/parser/etc_csv_parser.go:411.22,413.17 2 0
github.com/yhonda-ohishi/etc_data_processor/src/pkg/parser/etc_csv_parser.go:413.17,415.4 1 0
github.com/yhonda-ohishi/etc_data_processor/src/pkg/parser/etc_csv_parser.go:416.3,416.15 1 0
github.com/yhonda-ohishi/etc_data_processor/src/pkg/parser/etc_csv_parser.go:418.2,418.10 1 0
github.com/yhonda-ohishi/etc_data_processor/src/pkg/parser/etc_csv_parser.go:422.91,423.32 1 1
github.com/yhonda-ohishi/etc_data_processor/src/pkg/parser/etc_csv_parser.go:423.32,425.3 1 0
github.com/yhonda-ohishi/etc_data_processor/src/pkg/parser/etc_csv_parser.go:426.2,426.12 1 1
github.com/yhonda-ohishi/etc_data_processor/src/pkg/handler/service.go:42.71,48.2 1 1
github.com/yhonda-ohishi/etc_data_processor/src/pkg/handler/service.go:51.105,57.2 1 1
github.com/yhonda-ohishi/etc_data_processor/src/pkg/handler/service.go:60.126,66.2 1 1
github.com/yhonda-ohishi/etc_data_processor/src/pkg/handler/service.go:69.135,71.72 1 1
github.com/yhonda-ohishi/etc_data_processor/src/pkg/handler/service.go:71.72,73.3 1 1
github.com/yhonda-ohishi/etc_data_processor/src/pkg/handler/service.go:76.2,77.16 2 1
github.com/yhonda-ohishi/etc_data_processor/src/pkg/handler/service.go:77.16,86.3 1 1
github.com/yhonda-ohishi/etc_data_processor/src/pkg/handler/service.go:89.2,96.8 2 1
github.com/yhonda-ohishi/etc_data_processor/src/pkg/handler/service.go:100.135,102.72 1 1
github.com/yhonda-ohishi/etc_data_processor/src/pkg/handler/service.go:102.72,104.3 1 1
github.com/yhonda-ohishi/etc_data_processor/src/pkg/handler/service.go:107.2,109.16 3 1
github.com/yhonda-ohishi/etc_data_processor/src/pkg/handler/service.go:109.16,112.3 1 1
github.com/yhonda-ohishi/etc_data_processor/src/pkg/handler/service.go:115.2,122.8 2 1
github.com/yhonda-ohishi/etc_data_processor/src/pkg/handler/service.go:126.138,128.73 1 1
github.com/yhonda-ohishi/etc_data_processor/src/pkg/handler/service.go:128.73,130.3 1 1
github.com/yhonda-ohishi/etc_data_processor/src/pkg/handler/service.go:133.2,138.16 4 1
github.com/yhonda-ohishi/etc_data_processor/src/pkg/handler/service.go:138.16,151.3 1 1
github.com/yhonda-ohishi/etc_data_processor/src/pkg/handler/service.go:154.2,157.33 3 1
github.com/yhonda-ohishi/etc_data_processor/src/pkg/handler/service.go:157.33,164.45 2 1
github.com/yhonda-ohishi/etc_data_processor/src/pkg/handler/service.go:164.45,167.4 2 1
github.com/yhonda-ohishi/etc_data_processor/src/pkg/handler/service.go:167.9,169.4 1 1
github.com/yhonda-ohishi/etc_data_processor/src/pkg/handler/service.go:172.3,172.57 1 1
github.com/yhonda-ohishi/etc_data_processor/src/pkg/handler/service.go:172.57,179.4 1 1
github.com/yhonda-ohishi/etc_data_processor/src/pkg/handler/service.go:182.2,187.8 1 1
github.com/yhonda-ohishi/etc_data_processor/src/pkg/handler/service.go:191.126,201.2 1 1
github.com/yhonda-ohishi/etc_data_processor/src/pkg/handler/service.go:204.173,215.33 4 1
github.com/yhonda-ohishi/etc_data_processor/src/pkg/handler/service.go:215.33,217.23 1 1
github.com/yhonda-ohishi/etc_data_processor/src/pkg/handler/service.go:217.23,220.9 3 1
github.com/yhonda-ohishi/etc_data_processor/src/pkg/handler/service.go:224.3,230.43 2 1
github.com/yhonda-ohishi/etc_data_processor/src/pkg/handler/service.go:230.43,232.12 2 1
github.com/yhonda-ohishi/etc_data_processor/src/pkg/handler/service.go:236.3,237.17 2 1
github.com/yhonda-ohishi/etc_data_processor/src/pkg/handler/service.go:237.17,240.12 3 1
github.com/yhonda-ohishi/etc_data_processor/src/pkg/handler/service.go:244.3,256.24 2 1
github.com/yhonda-ohishi/etc_data_processor/src/pkg/handler/service.go:256.24,257.61 1 1
github.com/yhonda-ohishi/etc_data_processor/src/pkg/handler/service.go:257.61,260.13 3 1
github.com/yhonda-ohishi/etc_data_processor/src/pkg/handler/service.go:264.3,265.23 2 1
github.com/yhonda-ohishi/etc_data_processor/src/pkg/handler/service.go:268.2,268.22 1 1
github.com/yhonda-ohishi/etc_data_processor/src/pkg/handler/validator.go:23.46,25.2 1 1
github.com/yhonda-ohishi/etc_data_processor/src/pkg/handler/validator.go:28.67,29.16 1 1
github.com/yhonda-ohishi/etc_data_processor/src/pkg/handler/validator.go:29.16,31.3 1 1
github.com/yhonda-ohishi/etc_data_processor/src/pkg/handler/validator.go:32.2,32.12 1 1
github.com/yhonda-ohishi/etc_data_processor/src/pkg/handler/validator.go:36.70,37.21 1 1
github.com/yhonda-ohishi/etc_data_processor/src/pkg/handler/validator.go:37.21,39.3 1 1
github.com/yhonda-ohishi/etc_data_processor/src/pkg/handler/validator.go:41.2,41.24 1 1
github.com/yhonda-ohishi/etc_data_processor/src/pkg/handler/validator.go:41.24,43.3 1 1
github.com/yhonda-ohishi/etc_data_processor/src/pkg/handler/validator.go:44.2,44.12 1 1
github.com/yhonda-ohishi/etc_data_processor/src/pkg/handler/validator.go:48.63,49.16 1 1
github.com/yhonda-ohishi/etc_data_processor/src/pkg/handler/validator.go:49.16,51.3 1 1
github.com/yhonda-ohishi/etc_data_processor/src/pkg/handler/validator.go:52.2,52.20 1 1
github.com/yhonda-ohishi/etc_data_processor/src/pkg/handler/validator.go:52.20,54.3 1 1
github.com/yhonda-ohishi/etc_data_processor/src/pkg/handler/validator.go:55.2,55.12 1 1
github.com/yhonda-ohishi/etc_data_processor/src/pkg/handler/validator.go:59.63,60.49 1 1
github.com/yhonda-ohishi/etc_data_processor/src/pkg/handler/validator.go:60.49,62.3 1 1
github.com/yhonda-ohishi/etc_data_processor/src/pkg/handler/validator.go:62.8,62.23 1 1
github.com/yhonda-ohishi/etc_data_processor/src/pkg/handler/validator.go:62.23,64.3 1 1
github.com/yhonda-ohishi/etc_data_processor/src/pkg/handler/validator.go:65.2,65.12 1 1
github.com/yhonda-ohishi/etc_data_processor/src/pkg/handler/validator.go:69.72,70.16 1 1
github.com/yhonda-ohishi/etc_data_processor/src/pkg/handler/validator.go:70.16,72.3 1 1
github.com/yhonda-ohishi/etc_data_processor/src/pkg/handler/validator.go:75.2,81.9 3 1
github.com/yhonda-ohishi/etc_data_processor/src/pkg/handler/validator.go:81.9,83.3 1 1
github.com/yhonda-ohishi/etc_data_processor/src/pkg/handler/validator.go:85.2,85.72 1 1
github.com/yhonda-ohishi/etc_data_processor/src/pkg/handler/validator.go:85.72,87.3 1 1
github.com/yhonda-ohishi/etc_data_processor/src/pkg/handler/validator.go:89.2,89.68 1 1
github.com/yhonda-ohishi/etc_data_processor/src/pkg/handler/validator.go:89.68,91.3 1 1
github.com/yhonda-ohishi/etc_data_processor/src/pkg/handler/validator.go:93.2,93.68 1 1
github.com/yhonda-ohishi/etc_data_processor/src/pkg/handler/validator.go:93.68,95.3 1 1
github.com/yhonda-ohishi/etc_data_processor/src/pkg/handler/validator.go:97.2,97.12 1 1
github.com/yhonda-ohishi/etc_data_processor/src/pkg/handler/validator.go:101.72,102.16 1 1
github.com/yhonda-ohishi/etc_data_processor/src/pkg/handler/validator.go:102.16,104.3 1 1
github.com/yhonda-ohishi/etc_data_processor/src/pkg/handler/validator.go:106.2,112.9 3 1
github.com/yhonda-ohishi/etc_data_processor/src/pkg/handler/validator.go:112.9,114.3 1 1
github.com/yhonda-ohishi/etc_data_processor/src/pkg/handler/validator.go:116.2,116.64 1 1
github.com/yhonda-ohishi/etc_data_processor/src/pkg/handler/validator.go:116.64,118.3 1 1
github.com/yhonda-ohishi/etc_data_processor/src/pkg/handler/validator.go:120.2,120.68 1 1
github.com/yhonda-ohishi/etc_data_processor/src/pkg/handler/validator.go:120.68,122.3 1 1
github.com/yhonda-ohishi/etc_data_processor/src/pkg/handler/validator.go:124.2,124.12 1 1
github.com/yhonda-ohishi/etc_data_processor/src/pkg/handler/validator.go:128.73,129.16 1 1
github.com/yhonda-ohishi/etc_data_processor/src/pkg/handler/validator.go:129.16,131.3 1 1
github.com/yhonda-ohishi/etc_data_processor/src/pkg/handler/validator.go:133.2,138.9 3 1
github.com/yhonda-ohishi/etc_data_processor/src/pkg/handler/validator.go:138.9,140.3 1 1
github.com/yhonda-ohishi/etc_data_processor/src/pkg/handler/validator.go:142.2,142.68 1 1
github.com/yhonda-ohishi/etc_data_processor/src/pkg/handler/validator.go:142.68,144.3 1 1
github.com/yhonda-ohishi/etc_data_processor/src/pkg/handler/validator.go:146.2,146.12 1 1
github.com/yhonda-ohishi/etc_data_processor/src/pkg/handler/validator.go:150.112,153.2 1 1
github.com/yhonda-ohishi/etc_data_processor/src/pkg/parser/csv_parser.go:27.32,29.2 1 1
github.com/yhonda-ohishi/etc_data_processor/src/pkg/parser/csv_parser.go:32.66,33.19 1 1
github.com/yhonda-ohishi/etc_data_processor/src/pkg/parser/csv_parser.go:33.19,35.3 1 1
github.com/yhonda-ohishi/etc_data_processor/src/pkg/parser/csv_parser.go:37.2,42.16 4 1
github.com/yhonda-ohishi/etc_data_processor/src/pkg/parser/csv_parser.go:42.16,44.3 1 1
github.com/yhonda-ohishi/etc_data_processor/src/pkg/parser/csv_parser.go:46.2,46.23 1 1
github.com/yhonda-ohishi/etc_data_processor/src/pkg/parser/csv_parser.go:46.23,48.3 1 1
github.com/yhonda-ohishi/etc_data_processor/src/pkg/parser/csv_parser.go:51.2,52.51 2 1
github.com/yhonda-ohishi/etc_data_processor/src/pkg/parser/csv_parser.go:52.51,54.3 1 1
github.com/yhonda-ohishi/etc_data_processor/src/pkg/parser/csv_parser.go:56.2,56.32 1 1
github.com/yhonda-ohishi/etc_data_processor/src/pkg/parser/csv_parser.go:56.32,58.3 1 1
github.com/yhonda-ohishi/etc_data_processor/src/pkg/parser/csv_parser.go:60.2,60.46 1 1
github.com/yhonda-ohishi/etc_data_processor/src/pkg/parser/csv_parser.go:64.93,66.45 2 1
github.com/yhonda-ohishi/etc_data_processor/src/pkg/parser/csv_parser.go:66.45,71.17 3 1
github.com/yhonda-ohishi/etc_data_processor/src/pkg/parser/csv_parser.go:71.17,73.4 1 1
github.com/yhonda-ohishi/etc_data_processor/src/pkg/parser/csv_parser.go:76.3,77.17 2 1
github.com/yhonda-ohishi/etc_data_processor/src/pkg/parser/csv_parser.go:77.17,79.4 1 1
github.com/yhonda-ohishi/etc_data_processor/src/pkg/parser/csv_parser.go:81.3,92.53 2 1
github.com/yhonda-ohishi/etc_data_processor/src/pkg/parser/csv_parser.go:92.53,94.4 1 1
github.com/yhonda-ohishi/etc_data_processor/src/pkg/parser/csv_parser.go:96.3,96.45 1 1
github.com/yhonda-ohishi/etc_data_processor/src/pkg/parser/csv_parser.go:99.2,99.24 1 1
github.com/yhonda-ohishi/etc_data_processor/src/pkg/parser/csv_parser.go:103.69,105.16 2 1
github.com/yhonda-ohishi/etc_data_processor/src/pkg/parser/csv_parser.go:105.16,107.3 1 1
github.com/yhonda-ohishi/etc_data_processor/src/pkg/parser/csv_parser.go:108.2,110.22 2 1
github.com/yhonda-ohishi/etc_data_processor/src/pkg/parser/csv_parser.go:114.60,116.26 1 1
github.com/yhonda-ohishi/etc_data_processor/src/pkg/parser/csv_parser.go:116.26,118.3 1 1
github.com/yhonda-ohishi/etc_data_processor/src/pkg/parser/csv_parser.go:119.2,119.25 1 1
github.com/yhonda-ohishi/etc_data_processor/src/pkg/parser/csv_parser.go:119.25,121.3 1 1
github.com/yhonda-ohishi/etc_data_processor/src/pkg/parser/csv_parser.go:122.2,122.24 1 1
github.com/yhonda-ohishi/etc_data_processor/src/pkg/parser/csv_parser.go:122.24,124.3 1 1
github.com/yhonda-ohishi/etc_data_processor/src/pkg/parser/csv_parser.go:125.2,125.30 1 1
github.com/yhonda-ohishi/etc_data_processor/src/pkg/parser/csv_parser.go:125.30,127.3 1 1
github.com/yhonda-ohishi/etc_data_processor/src/pkg/parser/csv_parser.go:128.2,128.29 1 1
github.com/yhonda-ohishi/etc_data_processor/src/pkg/parser/csv_parser.go:128.29,130.3 1 1
github.com/yhonda-ohishi/etc_data_processor/src/pkg/parser/csv_parser.go:133.2,133.23 1 1
github.com/yhonda-ohishi/etc_data_processor/src/pkg/parser/csv_parser.go:133.23,135.3 1 1
github.com/yhonda-ohishi/etc_data_processor/src/pkg/parser/csv_parser.go:138.2,138.35 1 1
github.com/yhonda-ohishi/etc_data_processor/src/pkg/parser/csv_parser.go:138.35,140.3 1 1
github.com/yhonda-ohishi/etc_data_processor/src/pkg/parser/csv_parser.go:143.2,144.33 2 1
github.com/yhonda-ohishi/etc_data_processor/src/pkg/parser/csv_parser.go:144.33,146.3 1 1
github.com/yhonda-ohishi/etc_data_processor/src/pkg/parser/csv_parser.go:148.2,148.12 1 1
github.com/yhonda-ohishi/etc_data_processor/src/pkg/parser/etc_csv_parser.go:39.38,41.2 1 1
github.com/yhonda-ohishi/etc_data_processor/src/pkg/parser/etc_csv_parser.go:44.78,46.16 2 1
github.com/yhonda-ohishi/etc_data_processor/src/pkg/parser/etc_csv_parser.go:46.16,48.3 1 1
github.com/yhonda-ohishi/etc_data_processor/src/pkg/parser/etc_csv_parser.go:49.2,54.24 3 1
github.com/yhonda-ohishi/etc_data_processor/src/pkg/parser/etc_csv_parser.go:58.75,59.19 1 1
github.com/yhonda-ohishi/etc_data_processor/src/pkg/parser/etc_csv_parser.go:59.19,61.3 1 1
github.com/yhonda-ohishi/etc_data_processor/src/pkg/parser/etc_csv_parser.go:63.2,69.16 5 1
github.com/yhonda-ohishi/etc_data_processor/src/pkg/parser/etc_csv_parser.go:69.16,71.3 1 1
github.com/yhonda-ohishi/etc_data_processor/src/pkg/parser/etc_csv_parser.go:73.2,73.23 1 1
github.com/yhonda-ohishi/etc_data_processor/src/pkg/parser/etc_csv_parser.go:73.23,75.3 1 1
github.com/yhonda-ohishi/etc_data_processor/src/pkg/parser/etc_csv_parser.go:78.2,82.22 3 1
github.com/yhonda-ohishi/etc_data_processor/src/pkg/parser/etc_csv_parser.go:82.22,87.32 3 1
github.com/yhonda-ohishi/etc_data_processor/src/pkg/parser/etc_csv_parser.go:87.32,90.48 1 1
github.com/yhonda-ohishi/etc_data_processor/src/pkg/parser/etc_csv_parser.go:90.48,92.10 2 1
github.com/yhonda-ohishi/etc_data_processor/src/pkg/parser/etc_csv_parser.go:96.3,96.15 1 1
github.com/yhonda-ohishi/etc_data_processor/src/pkg/parser/etc_csv_parser.go:96.15,98.35 1 1
github.com/yhonda-ohishi/etc_data_processor/src/pkg/parser/etc_csv_parser.go:98.35,100.5 1 1
github.com/yhonda-ohishi/etc_data_processor/src/pkg/parser/etc_csv_parser.go:101.4,101.18 1 1
github.com/yhonda-ohishi/etc_data_processor/src/pkg/parser/etc_csv_parser.go:105.2,105.72 1 1
github.com/yhonda-ohishi/etc_data_processor/src/pkg/parser/etc_csv_parser.go:105.72,107.3 1 1
github.com/yhonda-ohishi/etc_data_processor/src/pkg/parser/etc_csv_parser.go:109.2,110.45 2 1
github.com/yhonda-ohishi/etc_data_processor/src/pkg/parser/etc_csv_parser.go:110.45,116.25 3 1
github.com/yhonda-ohishi/etc_data_processor/src/pkg/parser/etc_csv_parser.go:116.25,119.4 1 1
github.com/yhonda-ohishi/etc_data_processor/src/pkg/parser/etc_csv_parser.go:119.9,122.24 1 1
github.com/yhonda-ohishi/etc_data_processor/src/pkg/parser/etc_csv_parser.go:122.24,124.13 1 1
github.com/yhonda-ohishi/etc_data_processor/src/pkg/parser/etc_csv_parser.go:127.4,139.39 2 1
github.com/yhonda-ohishi/etc_data_processor/src/pkg/parser/etc_csv_parser.go:139.39,141.19 2 1
github.com/yhonda-ohishi/etc_data_processor/src/pkg/parser/etc_csv_parser.go:141.19,144.6 1 1
github.com/yhonda-ohishi/etc_data_processor/src/pkg/parser/etc_csv_parser.go:144.11,146.6 1 1
github.com/yhonda-ohishi/etc_data_processor/src/pkg/parser/etc_csv_parser.go:150.4,150.39 1 1
github.com/yhonda-ohishi/etc_data_processor/src/pkg/parser/etc_csv_parser.go:150.39,152.19 2 1
github.com/yhonda-ohishi/etc_data_processor/src/pkg/parser/etc_csv_parser.go:152.19,154.6 1 1
github.com/yhonda-ohishi/etc_data_processor/src/pkg/parser/etc_csv_parser.go:154.11,156.6 1 1
github.com/yhonda-ohishi/etc_data_processor/src/pkg/parser/etc_csv_parser.go:160.4,160.39 1 1
github.com/yhonda-ohishi/etc_data_processor/src/pkg/parser/etc_csv_parser.go:160.39,162.19 2 1
github.com/yhonda-ohishi/etc_data_processor/src/pkg/parser/etc_csv_parser.go:162.19,164.6 1 1
github.com/yhonda-ohishi/etc_data_processor/src/pkg/parser/etc_csv_parser.go:164.11,166.6 1 1
github.com/yhonda-ohishi/etc_data_processor/src/pkg/parser/etc_csv_parser.go:170.4,170.40 1 1
github.com/yhonda-ohishi/etc_data_processor/src/pkg/parser/etc_csv_parser.go:170.40,172.19 2 1
github.com/yhonda-ohishi/etc_data_processor/src/pkg/parser/etc_csv_parser.go:172.19,174.6 1 1
github.com/yhonda-ohishi/etc_data_processor/src/pkg/parser/etc_csv_parser.go:174.11,176.6 1 1
github.com/yhonda-ohishi/etc_data_processor/src/pkg/parser/etc_csv_parser.go:180.4,189.48 4 1
github.com/yhonda-ohishi/etc_data_processor/src/pkg/parser/etc_csv_parser.go:193.3,193.53 1 1
github.com/yhonda-ohishi/etc_data_processor/src/pkg/parser/etc_csv_parser.go:193.54,196.4 0 1
github.com/yhonda-ohishi/etc_data_processor/src/pkg/parser/etc_csv_parser.go:198.3,198.45 1 1
github.com/yhonda-ohishi/etc_data_processor/src/pkg/parser/etc_csv_parser.go:201.2,201.24 1 1
github.com/yhonda-ohishi/etc_data_processor/src/pkg/parser/etc_csv_parser.go:205.59,210.31 2 1
github.com/yhonda-ohishi/etc_data_processor/src/pkg/parser/etc_csv_parser.go:210.31,212.17 2 1
github.com/yhonda-ohishi/etc_data_processor/src/pkg/parser/etc_csv_parser.go:212.17,214.4 1 1
github.com/yhonda-ohishi/etc_data_processor/src/pkg/parser/etc_csv_parser.go:215.3,215.20 1 1
github.com/yhonda-ohishi/etc_data_processor/src/pkg/parser/etc_csv_parser.go:219.2,220.16 2 1
github.com/yhonda-ohishi/etc_data_processor/src/pkg/parser/etc_csv_parser.go:220.16,222.3 1 1
github.com/yhonda-ohishi/etc_data_processor/src/pkg/parser/etc_csv_parser.go:223.2,223.19 1 1
github.com/yhonda-ohishi/etc_data_processor/src/pkg/parser/etc_csv_parser.go:227.69,232.29 1 1
github.com/yhonda-ohishi/etc_data_processor/src/pkg/parser/etc_csv_parser.go:232.29,234.3 1 1
github.com/yhonda-ohishi/etc_data_processor/src/pkg/parser/etc_csv_parser.go:237.2,237.28 1 1
github.com/yhonda-ohishi/etc_data_processor/src/pkg/parser/etc_csv_parser.go:237.28,239.17 2 1
github.com/yhonda-ohishi/etc_data_processor/src/pkg/parser/etc_csv_parser.go:239.17,241.4 1 1
github.com/yhonda-ohishi/etc_data_processor/src/pkg/parser/etc_csv_parser.go:244.2,244.27 1 1
github.com/yhonda-ohishi/etc_data_processor/src/pkg/parser/etc_csv_parser.go:244.27,246.17 2 1
github.com/yhonda-ohishi/etc_data_processor/src/pkg/parser/etc_csv_parser.go:246.17,248.4 1 1
github.com/yhonda-ohishi/etc_data_processor/src/pkg/parser/etc_csv_parser.go:251.2,251.12 1 1
github.com/yhonda-ohishi/etc_data_processor/src/pkg/parser/etc_csv_parser.go:255.69,258.21 2 1
github.com/yhonda-ohishi/etc_data_processor/src/pkg/parser/etc_csv_parser.go:258.21,260.3 1 1
github.com/yhonda-ohishi/etc_data_processor/src/pkg/parser/etc_csv_parser.go:262.2,263.16 2 1
github.com/yhonda-ohishi/etc_data_processor/src/pkg/parser/etc_csv_parser.go:263.16,265.3 1 1
github.com/yhonda-ohishi/etc_data_processor/src/pkg/parser/etc_csv_parser.go:267.2,267.16 1 1
github.com/yhonda-ohishi/etc_data_processor/src/pkg/parser/etc_csv_parser.go:267.16,268.16 1 1
github.com/yhonda-ohishi/etc_data_processor/src/pkg/parser/etc_csv_parser.go:268.16,270.4 1 1
github.com/yhonda-ohishi/etc_data_processor/src/pkg/parser/etc_csv_parser.go:270.9,272.4 1 1
github.com/yhonda-ohishi/etc_data_processor/src/pkg/parser/etc_csv_parser.go:275.2,276.16 2 1
github.com/yhonda-ohishi/etc_data_processor/src/pkg/parser/etc_csv_parser.go:276.16,278.3 1 1
github.com/yhonda-ohishi/etc_data_processor/src/pkg/parser/etc_csv_parser.go:280.2,281.16 2 1
github.com/yhonda-ohishi/etc_data_processor/src/pkg/parser/etc_csv_parser.go:281.16,283.3 1 1
github.com/yhonda-ohishi/etc_data_processor/src/pkg/parser/etc_csv_parser.go:285.2,285.75 1 1
github.com/yhonda-ohishi/etc_data_processor/src/pkg/parser/etc_csv_parser.go:289.89,291.16 2 1
github.com/yhonda-ohishi/etc_data_processor/src/pkg/parser/etc_csv_parser.go:291.16,294.17 2 1
github.com/yhonda-ohishi/etc_data_processor/src/pkg/parser/etc_csv_parser.go:294.17,296.4 1 1
github.com/yhonda-ohishi/etc_data_processor/src/pkg/parser/etc_csv_parser.go:300.2,301.17 2 1
github.com/yhonda-ohishi/etc_data_processor/src/pkg/parser/etc_csv_parser.go:301.17,303.3 1 1
github.com/yhonda-ohishi/etc_data_processor/src/pkg/parser/etc_csv_parser.go:305.2,305.16 1 1
github.com/yhonda-ohishi/etc_data_processor/src/pkg/parser/etc_csv_parser.go:305.16,307.3 1 1
github.com/yhonda-ohishi/etc_data_processor/src/pkg/parser/etc_csv_parser.go:309.2,317.8 1 1
github.com/yhonda-ohishi/etc_data_processor/src/pkg/parser/etc_csv_parser.go:321.72,322.25 1 1
github.com/yhonda-ohishi/etc_data_processor/src/pkg/parser/etc_csv_parser.go:322.25,324.3 1 1
github.com/yhonda-ohishi/etc_data_processor/src/pkg/parser/etc_csv_parser.go:325.2,325.11 1 1
github.com/yhonda-ohishi/etc_data_processor/src/pkg/parser/etc_csv_parser.go:329.100,345.27 10 1
github.com/yhonda-ohishi/etc_data_processor/src/pkg/parser/etc_csv_parser.go:345.27,347.17 2 1
github.com/yhonda-ohishi/etc_data_processor/src/pkg/parser/etc_csv_parser.go:347.17,349.4 1 1
github.com/yhonda-ohishi/etc_data_processor/src/pkg/parser/etc_csv_parser.go:353.2,354.23 2 1
github.com/yhonda-ohishi/etc_data_processor/src/pkg/parser/etc_csv_parser.go:354.23,356.17 2 1
github.com/yhonda-ohishi/etc_data_processor/src/pkg/parser/etc_csv_parser.go:356.17,358.4 1 1
github.com/yhonda-ohishi/etc_data_processor/src/pkg/parser/etc_csv_parser.go:362.2,363.24 2 1
github.com/yhonda-ohishi/etc_data_processor/src/pkg/parser/etc_csv_parser.go:363.24,365.17 2 1
github.com/yhonda-ohishi/etc_data_processor/src/pkg/parser/etc_csv_parser.go:365.17,367.4 1 1
github.com/yhonda-ohishi/etc_data_processor/src/pkg/parser/etc_csv_parser.go:371.2,372.26 2 1
github.com/yhonda-ohishi/etc_data_processor/src/pkg/parser/etc_csv_parser.go:372.26,374.32 2 0
github.com/yhonda-ohishi/etc_data_processor/src/pkg/parser/etc_csv_parser.go:374.32,377.4 1 0
github.com/yhonda-ohishi/etc_data_processor/src/pkg/parser/etc_csv_parser.go:381.2,382.27 2 1
github.com/yhonda-ohishi/etc_data_processor/src/pkg/parser/etc_csv_parser.go:382.27,384.17 2 1
github.com/yhonda-ohishi/etc_data_processor/src/pkg/parser/etc_csv_parser.go:384.17,386.4 1 1
github.com/yhonda-ohishi/etc_data_processor/src/pkg/parser/etc_csv_parser.go:389.2,393.18 4 1
github.com/yhonda-ohishi/etc_data_processor/src/pkg/parser/etc_csv_parser.go:397.114,398.41 1 1
github.com/yhonda-ohishi/etc_data_processor/src/pkg/parser/etc_csv_parser.go:398.41,399.51 1 1
github.com/yhonda-ohishi/etc_data_processor/src/pkg/parser/etc_csv_parser.go:399.51,400.25 1 1
github.com/yhonda-ohishi/etc_data_processor/src/pkg/parser/etc_csv_parser.go:400.25,402.5 1 1
github.com/yhonda-ohishi/etc_data_processor/src/pkg/parser/etc_csv_parser.go:405.2,405.11 1 1
github.com/yhonda-ohishi/etc_data_processor/src/pkg/parser/etc_csv_parser.go:409.79,411.22 2 1
github.com/yhonda-ohishi/etc_data_processor/src/pkg/parser/etc_csv_parser.go:411.22,413.17 2 1
github.com/yhonda-ohishi/etc_data_processor/src/pkg/parser/etc_csv_parser.go:413.17,415.4 1 1
github.com/yhonda-ohishi/etc_data_processor/src/pkg/parser/etc_csv_parser.go:416.3,416.15 1 1
github.com/yhonda-ohishi/etc_data_processor/src/pkg/parser/etc_csv_parser.go:418.2,418.10 1 1
github.com/yhonda-ohishi/etc_data_processor/src/pkg/parser/etc_csv_parser.go:422.91,423.32 1 1
github.com/yhonda-ohishi/etc_data_processor/src/pkg/parser/etc_csv_parser.go:423.32,425.3 1 1
github.com/yhonda-ohishi/etc_data_processor/src/pkg/parser/etc_csv_parser.go:426.2,426.12 1 1
github.com/yhonda-ohishi/etc_data_processor/src/proto/data_processor.pb.go:34.41,39.2 4 0
github.com/yhonda-ohishi/etc_data_processor/src/proto/data_processor.pb.go:41.49,43.2 1 0
github.com/yhonda-ohishi/etc_data_processor/src/proto/data_processor.pb.go:45.47,45.48 0 0
github.com/yhonda-ohishi/etc_data_processor/src/proto/data_processor.pb.go:47.69,49.14 2 0
github.com/yhonda-ohishi/etc_data_processor/src/proto/data_processor.pb.go:49.14,51.34 2 0
github.com/yhonda-ohishi/etc_data_processor/src/proto/data_processor.pb.go:51.34,53.4 1 0
github.com/yhonda-ohishi/etc_data_processor/src/proto/data_processor.pb.go:54.3,54.12 1 0
github.com/yhonda-ohishi/etc_data_processor/src/proto/data_processor.pb.go:56.2,56.24 1 0
github.com/yhonda-ohishi/etc_data_processor/src/proto/data_processor.pb.go:60.60,62.2 1 0
github.com/yhonda-ohishi/etc_data_processor/src/proto/data_processor.pb.go:64.57,65.14 1 1
github.com/yhonda-ohishi/etc_data_processor/src/proto/data_processor.pb.go:65.14,67.3 1 1
github.com/yhonda-ohishi/etc_data_processor/src/proto/data_processor.pb.go:68.2,68.11 1 0
github.com/yhonda-ohishi/etc_data_processor/src/proto/data_processor.pb.go:71.55,72.14 1 1
github.com/yhonda-ohishi/etc_data_processor/src/proto/data_processor.pb.go:72.14,74.3 1 1
github.com/yhonda-ohishi/etc_data_processor/src/proto/data_processor.pb.go:75.2,75.11 1 0
github.com/yhonda-ohishi/etc_data_processor/src/proto/data_processor.pb.go:78.58,79.14 1 0
github.com/yhonda-ohishi/etc_data_processor/src/proto/data_processor.pb.go:79.14,81.3 1 0
github.com/yhonda-ohishi/etc_data_processor/src/proto/data_processor.pb.go:82.2,82.14 1 0
github.com/yhonda-ohishi/etc_data_processor/src/proto/data_processor.pb.go:95.42,100.2 4 0
github.com/yhonda-ohishi/etc_data_processor/src/proto/data_processor.pb.go:102.50,104.2 1 0
github.com/yhonda-ohishi/etc_data_processor/src/proto/data_processor.pb.go:106.48,106.49 0 0
github.com/yhonda-ohishi/etc_data_processor/src/proto/data_processor.pb.go:108.70,110.14 2 0
github.com/yhonda-ohishi/etc_data_processor/src/proto/data_processor.pb.go:110.14,112.34 2 0
github.com/yhonda-ohishi/etc_data_processor/src/proto/data_processor.pb.go:112.34,114.4 1 0
github.com/yhonda-ohishi/etc_data_processor/src/proto/data_processor.pb.go:115.3,115.12 1 0
github.com/yhonda-ohishi/etc_data_processor/src/proto/data_processor.pb.go:117.2,117.24 1 0
github.com/yhonda-ohishi/etc_data_processor/src/proto/data_processor.pb.go:121.61,123.2 1 0
github.com/yhonda-ohishi/etc_data_processor/src/proto/data_processor.pb.go:125.52,126.14 1 0
github.com/yhonda-ohishi/etc_data_processor/src/proto/data_processor.pb.go:126.14,128.3 1 0
github.com/yhonda-ohishi/etc_data_processor/src/proto/data_processor.pb.go:129.2,129.14 1 0
github.com/yhonda-ohishi/etc_data_processor/src/proto/data_processor.pb.go:132.54,133.14 1 0
github.com/yhonda-ohishi/etc_data_processor/src/proto/data_processor.pb.go:133.14,135.3 1 0
github.com/yhonda-ohishi/etc_data_processor/src/proto/data_processor.pb.go:136.2,136.11 1 0
github.com/yhonda-ohishi/etc_data_processor/src/proto/data_processor.pb.go:139.62,140.14 1 0
github.com/yhonda-ohishi/etc_data_processor/src/proto/data_processor.pb.go:140.14,142.3 1 0
github.com/yhonda-ohishi/etc_data_processor/src/proto/data_processor.pb.go:143.2,143.12 1 0
github.com/yhonda-ohishi/etc_data_processor/src/proto/data_processor.pb.go:146.55,147.14 1 0
github.com/yhonda-ohishi/etc_data_processor/src/proto/data_processor.pb.go:147.14,149.3 1 0
github.com/yhonda-ohishi/etc_data_processor/src/proto/data_processor.pb.go:150.2,150.12 1 0
github.com/yhonda-ohishi/etc_data_processor/src/proto/data_processor.pb.go:162.41,167.2 4 0
github.com/yhonda-ohishi/etc_data_processor/src/proto/data_processor.pb.go:169.49,171.2 1 0
github.com/yhonda-ohishi/etc_data_processor/src/proto/data_processor.pb.go:173.47,173.48 0 0
github.com/yhonda-ohishi/etc_data_processor/src/proto/data_processor.pb.go:175.69,177.14 2 0
github.com/yhonda-ohishi/etc_data_processor/src/proto/data_processor.pb.go:177.14,179.34 2 0
github.com/yhonda-ohishi/etc_data_processor/src/proto/data_processor.pb.go:179.34,181.4 1 0
github.com/yhonda-ohishi/etc_data_processor/src/proto/data_processor.pb.go:182.3,182.12 1 0
github.com/yhonda-ohishi/etc_data_processor/src/proto/data_processor.pb.go:184.2,184.24 1 0
github.com/yhonda-ohishi/etc_data_processor/src/proto/data_processor.pb.go:188.60,190.2 1 0
github.com/yhonda-ohishi/etc_data_processor/src/proto/data_processor.pb.go:192.53,193.14 1 1
github.com/yhonda-ohishi/etc_data_processor/src/proto/data_processor.pb.go:193.14,195.3 1 1
github.com/yhonda-ohishi/etc_data_processor/src/proto/data_processor.pb.go:196.2,196.11 1 0
github.com/yhonda-ohishi/etc_data_processor/src/proto/data_processor.pb.go:199.55,200.14 1 1
github.com/yhonda-ohishi/etc_data_processor/src/proto/data_processor.pb.go:200.14,202.3 1 1
github.com/yhonda-ohishi/etc_data_processor/src/proto/data_processor.pb.go:203.2,203.11 1 0
github.com/yhonda-ohishi/etc_data_processor/src/proto/data_processor.pb.go:206.58,207.14 1 0
github.com/yhonda-ohishi/etc_data_processor/src/proto/data_processor.pb.go:207.14,209.3 1 0
github.com/yhonda-ohishi/etc_data_processor/src/proto/data_processor.pb.go:210.2,210.14 1 0
github.com/yhonda-ohishi/etc_data_processor/src/proto/data_processor.pb.go:223.42,228.2 4 0
github.com/yhonda-ohishi/etc_data_processor/src/proto/data_processor.pb.go:230.50,232.2 1 0
github.com/yhonda-ohishi/etc_data_processor/src/proto/data_processor.pb.go:234.48,234.49 0 0
github.com/yhonda-ohishi/etc_data_processor/src/proto/data_processor.pb.go:236.70,238.14 2 0
github.com/yhonda-ohishi/etc_data_processor/src/proto/data_processor.pb.go:238.14,240.34 2 0
github.com/yhonda-ohishi/etc_data_processor/src/proto/data_processor.pb.go:240.34,242.4 1 0
github.com/yhonda-ohishi/etc_data_processor/src/proto/data_processor.pb.go:243.3,243.12 1 0
github.com/yhonda-ohishi/etc_data_processor/src/proto/data_processor.pb.go:245.2,245.24 1 0
github.com/yhonda-ohishi/etc_data_processor/src/proto/data_processor.pb.go:249.61,251.2 1 0
github.com/yhonda-ohishi/etc_data_processor/src/proto/data_processor.pb.go:253.52,254.14 1 0
github.com/yhonda-ohishi/etc_data_processor/src/proto/data_processor.pb.go:254.14,256.3 1 0
github.com/yhonda-ohishi/etc_data_processor/src/proto/data_processor.pb.go:257.2,257.14 1 0
github.com/yhonda-ohishi/etc_data_processor/src/proto/data_processor.pb.go:260.54,261.14 1 0
github.com/yhonda-ohishi/etc_data_processor/src/proto/data_processor.pb.go:261.14,263.3 1 0
github.com/yhonda-ohishi/etc_data_processor/src/proto/data_processor.pb.go:264.2,264.11 1 0
github.com/yhonda-ohishi/etc_data_processor/src/proto/data_processor.pb.go:267.62,268.14 1 0
github.com/yhonda-ohishi/etc_data_processor/src/proto/data_processor.pb.go:268.14,270.3 1 0
github.com/yhonda-ohishi/etc_data_processor/src/proto/data_processor.pb.go:271.2,271.12 1 0
github.com/yhonda-ohishi/etc_data_processor/src/proto/data_processor.pb.go:274.55,275.14 1 0
github.com/yhonda-ohishi/etc_data_processor/src/proto/data_processor.pb.go:275.14,277.3 1 0
github.com/yhonda-ohishi/etc_data_processor/src/proto/data_processor.pb.go:278.2,278.12 1 0
github.com/yhonda-ohishi/etc_data_processor/src/proto/data_processor.pb.go:289.42,294.2 4 0
github.com/yhonda-ohishi/etc_data_processor/src/proto/data_processor.pb.go:296.50,298.2 1 0
github.com/yhonda-ohishi/etc_data_processor/src/proto/data_processor.pb.go:300.48,300.49 0 0
github.com/yhonda-ohishi/etc_data_processor/src/proto/data_processor.pb.go:302.70,304.14 2 0
github.com/yhonda-ohishi/etc_data_processor/src/proto/data_processor.pb.go:304.14,306.34 2 0
github.com/yhonda-ohishi/etc_data_processor/src/proto/data_processor.pb.go:306.34,308.4 1 0
github.com/yhonda-ohishi/etc_data_processor/src/proto/data_processor.pb.go:309.3,309.12 1 0
github.com/yhonda-ohishi/etc_data_processor/src/proto/data_processor.pb.go:311.2,311.24 1 0
github.com/yhonda-ohishi/etc_data_processor/src/proto/data_processor.pb.go:315.61,317.2 1 0
github.com/yhonda-ohishi/etc_data_processor/src/proto/data_processor.pb.go:319.54,320.14 1 1
github.com/yhonda-ohishi/etc_data_processor/src/proto/data_processor.pb.go:320.14,322.3 1 1
github.com/yhonda-ohishi/etc_data_processor/src/proto/data_processor.pb.go:323.2,323.11 1 0
github.com/yhonda-ohishi/etc_data_processor/src/proto/data_processor.pb.go:326.56,327.14 1 0
github.com/yhonda-ohishi/etc_data_processor/src/proto/data_processor.pb.go:327.14,329.3 1 0
github.com/yhonda-ohishi/etc_data_processor/src/proto/data_processor.pb.go:330.2,330.11 1 0
github.com/yhonda-ohishi/etc_data_processor/src/proto/data_processor.pb.go:343.43,348.2 4 0
github.com/yhonda-ohishi/etc_data_processor/src/proto/data_processor.pb.go:350.51,352.2 1 0
github.com/yhonda-ohishi/etc_data_processor/src/proto/data_processor.pb.go:354.49,354.50 0 0
github.com/yhonda-ohishi/etc_data_processor/src/proto/data_processor.pb.go:356.71,358.14 2 0
github.com/yhonda-ohishi/etc_data_processor/src/proto/data_processor.pb.go:358.14,360.34 2 0
github.com/yhonda-ohishi/etc_data_processor/src/proto/data_processor.pb.go:360.34,362.4 1 0
github.com/yhonda-ohishi/etc_data_processor/src/proto/data_processor.pb.go:363.3,363.12 1 0
github.com/yhonda-ohishi/etc_data_processor/src/proto/data_processor.pb.go:365.2,365.24 1 0
github.com/yhonda-ohishi/etc_data_processor/src/proto/data_processor.pb.go:369.62,371.2 1 0
github.com/yhonda-ohishi/etc_data_processor/src/proto/data_processor.pb.go:373.53,374.14 1 0
github.com/yhonda-ohishi/etc_data_processor/src/proto/data_processor.pb.go:374.14,376.3 1 0
github.com/yhonda-ohishi/etc_data_processor/src/proto/data_processor.pb.go:377.2,377.14 1 0
github.com/yhonda-ohishi/etc_data_processor/src/proto/data_processor.pb.go:380.66,381.14 1 0
github.com/yhonda-ohishi/etc_data_processor/src/proto/data_processor.pb.go:381.14,383.3 1 0
github.com/yhonda-ohishi/etc_data_processor/src/proto/data_processor.pb.go:384.2,384.12 1 0
github.com/yhonda-ohishi/etc_data_processor/src/proto/data_processor.pb.go:387.61,388.14 1 0
github.com/yhonda-ohishi/etc_data_processor/src/proto/data_processor.pb.go:388.14,390.3 1 0
github.com/yhonda-ohishi/etc_data_processor/src/proto/data_processor.pb.go:391.2,391.10 1 0
github.com/yhonda-ohishi/etc_data_processor/src/proto/data_processor.pb.go:394.59,395.14 1 0
github.com/yhonda-ohishi/etc_data_processor/src/proto/data_processor.pb.go:395.14,397.3 1 0
github.com/yhonda-ohishi/etc_data_processor/src/proto/data_processor.pb.go:398.2,398.10 1 0
github.com/yhonda-ohishi/etc_data_processor/src/proto/data_processor.pb.go:407.38,412.2 4 0
github.com/yhonda-ohishi/etc_data_processor/src/proto/data_processor.pb.go:414.46,416.2 1 0
github.com/yhonda-ohishi/etc_data_processor/src/proto/data_processor.pb.go:418.44,418.45 0 0
github.com/yhonda-ohishi/etc_data_processor/src/proto/data_processor.pb.go:420.66,422.14 2 0
github.com/yhonda-ohishi/etc_data_processor/src/proto/data_processor.pb.go:422.14,424.34 2 0
github.com/yhonda-ohishi/etc_data_processor/src/proto/data_processor.pb.go:424.34,426.4 1 0
github.com/yhonda-ohishi/etc_data_processor/src/proto/data_processor.pb.go:427.3,427.12 1 0
github.com/yhonda-ohishi/etc_data_processor/src/proto/data_processor.pb.go:429.2,429.24 1 0
github.com/yhonda-ohishi/etc_data_processor/src/proto/data_processor.pb.go:433.57,435.2 1 0
github.com/yhonda-ohishi/etc_data_processor/src/proto/data_processor.pb.go:447.39,452.2 4 0
github.com/yhonda-ohishi/etc_data_processor/src/proto/data_processor.pb.go:454.47,456.2 1 0
github.com/yhonda-ohishi/etc_data_processor/src/proto/data_processor.pb.go:458.45,458.46 0 0
github.com/yhonda-ohishi/etc_data_processor/src/proto/data_processor.pb.go:460.67,462.14 2 0
github.com/yhonda-ohishi/etc_data_processor/src/proto/data_processor.pb.go:462.14,464.34 2 0
github.com/yhonda-ohishi/etc_data_processor/src/proto/data_processor.pb.go:464.34,466.4 1 0
github.com/yhonda-ohishi/etc_data_processor/src/proto/data_processor.pb.go:467.3,467.12 1 0
github.com/yhonda-ohishi/etc_data_processor/src/proto/data_processor.pb.go:469.2,469.24 1 0
github.com/yhonda-ohishi/etc_data_processor/src/proto/data_processor.pb.go:473.58,475.2 1 0
github.com/yhonda-ohishi/etc_data_processor/src/proto/data_processor.pb.go:477.50,478.14 1 0
github.com/yhonda-ohishi/etc_data_processor/src/proto/data_processor.pb.go:478.14,480.3 1 0
github.com/yhonda-ohishi/etc_data_processor/src/proto/data_processor.pb.go:481.2,481.11 1 0
github.com/yhonda-ohishi/etc_data_processor/src/proto/data_processor.pb.go:484.51,485.14 1 0
github.com/yhonda-ohishi/etc_data_processor/src/proto/data_processor.pb.go:485.14,487.3 1 0
github.com/yhonda-ohishi/etc_data_processor/src/proto/data_processor.pb.go:488.2,488.11 1 0
github.com/yhonda-ohishi/etc_data_processor/src/proto/data_processor.pb.go:491.52,492.14 1 0
github.com/yhonda-ohishi/etc_data_processor/src/proto/data_processor.pb.go:492.14,494.3 1 0
github.com/yhonda-ohishi/etc_data_processor/src/proto/data_processor.pb.go:495.2,495.10 1 0
github.com/yhonda-ohishi/etc_data_processor/src/proto/data_processor.pb.go:498.62,499.14 1 0
github.com/yhonda-ohishi/etc_data_processor/src/proto/data_processor.pb.go:499.14,501.3 1 0
github.com/yhonda-ohishi/etc_data_processor/src/proto/data_processor.pb.go:502.2,502.12 1 0
github.com/yhonda-ohishi/etc_data_processor/src/proto/data_processor.pb.go:515.35,520.2 4 0
github.com/yhonda-ohishi/etc_data_processor/src/proto/data_processor.pb.go:522.43,524.2 1 0
github.com/yhonda-ohishi/etc_data_processor/src/proto/data_processor.pb.go:526.41,526.42 0 0
github.com/yhonda-ohishi/etc_data_processor/src/proto/data_processor.pb.go:528.63,530.14 2 0
github.com/yhonda-ohishi/etc_data_processor/src/proto/data_processor.pb.go:530.14,532.34 2 0
github.com/yhonda-ohishi/etc_data_processor/src/proto/data_processor.pb.go:532.34,534.4 1 0
github.com/yhonda-ohishi/etc_data_processor/src/proto/data_processor.pb.go:535.3,535.12 1 0
github.com/yhonda-ohishi/etc_data_processor/src/proto/data_processor.pb.go:537.2,537.24 1 0
github.com/yhonda-ohishi/etc_data_processor/src/proto/data_processor.pb.go:541.54,543.2 1 0
github.com/yhonda-ohishi/etc_data_processor/src/proto/data_processor.pb.go:545.51,546.14 1 0
github.com/yhonda-ohishi/etc_data_processor/src/proto/data_processor.pb.go:546.14,548.3 1 0
github.com/yhonda-ohishi/etc_data_processor/src/proto/data_processor.pb.go:549.2,549.10 1 0
github.com/yhonda-ohishi/etc_data_processor/src/proto/data_processor.pb.go:552.51,553.14 1 0
github.com/yhonda-ohishi/etc_data_processor/src/proto/data_processor.pb.go:553.14,555.3 1 0
github.com/yhonda-ohishi/etc_data_processor/src/proto/data_processor.pb.go:556.2,556.10 1 0
github.com/yhonda-ohishi/etc_data_processor/src/proto/data_processor.pb.go:559.53,560.14 1 0
github.com/yhonda-ohishi/etc_data_processor/src/proto/data_processor.pb.go:560.14,562.3 1 0
github.com/yhonda-ohishi/etc_data_processor/src/proto/data_processor.pb.go:563.2,563.10 1 0
github.com/yhonda-ohishi/etc_data_processor/src/proto/data_processor.pb.go:566.51,567.14 1 0
github.com/yhonda-ohishi/etc_data_processor/src/proto/data_processor.pb.go:567.14,569.3 1 0
github.com/yhonda-ohishi/etc_data_processor/src/proto/data_processor.pb.go:570.2,570.10 1 0
github.com/yhonda-ohishi/etc_data_processor/src/proto/data_processor.pb.go:583.35,588.2 4 0
github.com/yhonda-ohishi/etc_data_processor/src/proto/data_processor.pb.go:590.43,592.2 1 0
github.com/yhonda-ohishi/etc_data_processor/src/proto/data_processor.pb.go:594.41,594.42 0 0
github.com/yhonda-ohishi/etc_data_processor/src/proto/data_processor.pb.go:596.63,598.14 2 0
github.com/yhonda-ohishi/etc_data_processor/src/proto/data_processor.pb.go:598.14,600.34 2 0
github.com/yhonda-ohishi/etc_data_processor/src/proto/data_processor.pb.go:600.34,602.4 1 0
github.com/yhonda-ohishi/etc_data_processor/src/proto/data_processor.pb.go:603.3,603.12 1 0
github.com/yhonda-ohishi/etc_data_processor/src/proto/data_processor.pb.go:605.2,605.24 1 0
github.com/yhonda-ohishi/etc_data_processor/src/proto/data_processor.pb.go:609.54,611.2 1 0
github.com/yhonda-ohishi/etc_data_processor/src/proto/data_processor.pb.go:613.49,614.14 1 0
github.com/yhonda-ohishi/etc_data_processor/src/proto/data_processor.pb.go:614.14,616.3 1 0
github.com/yhonda-ohishi/etc_data_processor/src/proto/data_processor.pb.go:617.2,617.10 1 0
github.com/yhonda-ohishi/etc_data_processor/src/proto/data_processor.pb.go:620.45,621.14 1 0
github.com/yhonda-ohishi/etc_data_processor/src/proto/data_processor.pb.go:621.14,623.3 1 0
github.com/yhonda-ohishi/etc_data_processor/src/proto/data_processor.pb.go:624.2,624.11 1 0
github.com/yhonda-ohishi/etc_data_processor/src/proto/data_processor.pb.go:627.47,628.14 1 0
github.com/yhonda-ohishi/etc_data_processor/src/proto/data_processor.pb.go:628.14,630.3 1 0
github.com/yhonda-ohishi/etc_data_processor/src/proto/data_processor.pb.go:631.2,631.11 1 0
github.com/yhonda-ohishi/etc_data_processor/src/proto/data_processor.pb.go:634.50,635.14 1 0
github.com/yhonda-ohishi/etc_data_processor/src/proto/data_processor.pb.go:635.14,637.3 1 0
github.com/yhonda-ohishi/etc_data_processor/src/proto/data_processor.pb.go:638.2,638.11 1 0
github.com/yhonda-ohishi/etc_data_processor/src/proto/data_processor.pb.go:708.63,709.60 1 0
github.com/yhonda-ohishi/etc_data_processor/src/proto/data_processor.pb.go:709.60,711.3 1 0
github.com/yhonda-ohishi/etc_data_processor/src/proto/data_processor.pb.go:712.2,712.56 1 0
github.com/yhonda-ohishi/etc_data_processor/src/proto/data_processor.pb.go:749.13,749.59 1 1
github.com/yhonda-ohishi/etc_data_processor/src/proto/data_processor.pb.go:750.49,751.48 1 1
github.com/yhonda-ohishi/etc_data_processor/src/proto/data_processor.pb.go:751.48,753.3 1 0
github.com/yhonda-ohishi/etc_data_processor/src/proto/data_processor.pb.go:754.2,770.51 5 1
github.com/yhonda-ohishi/etc_data_processor/src/proto/data_processor.pb.gw.go:38.233,43.100 2 0
github.com/yhonda-ohishi/etc_data_processor/src/proto/data_processor.pb.gw.go:43.100,45.3 1 0
github.com/yhonda-ohishi/etc_data_processor/src/proto/data_processor.pb.gw.go:46.2,46.21 1 0
github.com/yhonda-ohishi/etc_data_processor/src/proto/data_processor.pb.gw.go:46.21,48.3 1 0
github.com/yhonda-ohishi/etc_data_processor/src/proto/data_processor.pb.gw.go:49.2,50.27 2 0
github.com/yhonda-ohishi/etc_data_processor/src/proto/data_processor.pb.gw.go:53.239,58.100 2 0
github.com/yhonda-ohishi/etc_data_processor/src/proto/data_processor.pb.gw.go:58.100,60.3 1 0
github.com/yhonda-ohishi/etc_data_processor/src/proto/data_processor.pb.gw.go:61.2,62.27 2 0
github.com/yhonda-ohishi/etc_data_processor/src/proto/data_processor.pb.gw.go:65.233,70.100 2 0
github.com/yhonda-ohishi/etc_data_processor/src/proto/data_processor.pb.gw.go:70.100,72.3 1 0
github.com/yhonda-ohishi/etc_data_processor/src/proto/data_processor.pb.gw.go:73.2,73.21 1 0
github.com/yhonda-ohishi/etc_data_processor/src/proto/data_processor.pb.gw.go:73.21,75.3 1 0
github.com/yhonda-ohishi/etc_data_processor/src/proto/data_processor.pb.gw.go:76.2,77.27 2 0
github.com/yhonda-ohishi/etc_data_processor/src/proto/data_processor.pb.gw.go:80.239,85.100 2 0
github.com/yhonda-ohishi/etc_data_processor/src/proto/data_processor.pb.gw.go:85.100,87.3 1 0
github.com/yhonda-ohishi/etc_data_processor/src/proto/data_processor.pb.gw.go:88.2,89.27 2 0
github.com/yhonda-ohishi/etc_data_processor/src/proto/data_processor.pb.gw.go:92.234,97.100 2 0
github.com/yhonda-ohishi/etc_data_processor/src/proto/data_processor.pb.gw.go:97.100,99.3 1 0
github.com/yhonda-ohishi/etc_data_processor/src/proto/data_processor.pb.gw.go:100.2,100.21 1 0
github.com/yhonda-ohishi/etc_data_processor/src/proto/data_processor.pb.gw.go:100.21,102.3 1 0
github.com/yhonda-ohishi/etc_data_processor/src/proto/data_processor.pb.gw.go:103.2,104.27 2 0
github.com/yhonda-ohishi/etc_data_processor/src/proto/data_processor.pb.gw.go:107.240,112.100 2 0
github.com/yhonda-ohishi/etc_data_processor/src/proto/data_processor.pb.gw.go:112.100,114.3 1 0
github.com/yhonda-ohishi/etc_data_processor/src/proto/data_processor.pb.gw.go:115.2,116.27 2 0
github.com/yhonda-ohishi/etc_data_processor/src/proto/data_processor.pb.gw.go:119.230,124.21 2 0
github.com/yhonda-ohishi/etc_data_processor/src/proto/data_processor.pb.gw.go:124.21,126.3 1 0
github.com/yhonda-ohishi/etc_data_processor/src/proto/data_processor.pb.gw.go:127.2,128.27 2 0
github.com/yhonda-ohishi/etc_data_processor/src/proto/data_processor.pb.gw.go:131.236,138.2 3 0
github.com/yhonda-ohishi/etc_data_processor/src/proto/data_processor.pb.gw.go:145.133,146.154 1 0
github.com/yhonda-ohishi/etc_data_processor/src/proto/data_processor.pb.gw.go:146.154,153.17 7 0
github.com/yhonda-ohishi/etc_data_processor/src/proto/data_processor.pb.gw.go:153.17,156.4 2 0
github.com/yhonda-ohishi/etc_data_processor/src/proto/data_processor.pb.gw.go:157.3,160.17 4 0
github.com/yhonda-ohishi/etc_data_processor/src/proto/data_processor.pb.gw.go:160.17,163.4 2 0
github.com/yhonda-ohishi/etc_data_processor/src/proto/data_processor.pb.gw.go:164.3,164.140 1 0
github.com/yhonda-ohishi/etc_data_processor/src/proto/data_processor.pb.gw.go:166.2,166.154 1 0
github.com/yhonda-ohishi/etc_data_processor/src/proto/data_processor.pb.gw.go:166.154,173.17 7 0
github.com/yhonda-ohishi/etc_data_processor/src/proto/data_processor.pb.gw.go:173.17,176.4 2 0
github.com/yhonda-ohishi/etc_data_processor/src/proto/data_processor.pb.gw.go:177.3,180.17 4 0
github.com/yhonda-ohishi/etc_data_processor/src/proto/data_processor.pb.gw.go:180.17,183.4 2 0
github.com/yhonda-ohishi/etc_data_processor/src/proto/data_processor.pb.gw.go:184.3,184.140 1 0
github.com/yhonda-ohishi/etc_data_processor/src/proto/data_processor.pb.gw.go:186.2,186.155 1 0
github.com/yhonda-ohishi/etc_data_processor/src/proto/data_processor.pb.gw.go:186.155,193.17 7 0
github.com/yhonda-ohishi/etc_data_processor/src/proto/data_processor.pb.gw.go:193.17,196.4 2 0
github.com/yhonda-ohishi/etc_data_processor/src/proto/data_processor.pb.gw.go:197.3,200.17 4 0
github.com/yhonda-ohishi/etc_data_processor/src/proto/data_processor.pb.gw.go:200.17,203.4 2 0
github.com/yhonda-ohishi/etc_data_processor/src/proto/data_processor.pb.gw.go:204.3,204.141 1 0
github.com/yhonda-ohishi/etc_data_processor/src/proto/data_processor.pb.gw.go:206.2,206.150 1 0
github.com/yhonda-ohishi/etc_data_processor/src/proto/data_processor.pb.gw.go:206.150,213.17 7 0
github.com/yhonda-ohishi/etc_data_processor/src/proto/data_processor.pb.gw.go:213.17,216.4 2 0
github.com/yhonda-ohishi/etc_data_processor/src/proto/data_processor.pb.gw.go:217.3,220.17 4 0
github.com/yhonda-ohishi/etc_data_processor/src/proto/data_processor.pb.gw.go:220.17,223.4 2 0
github.com/yhonda-ohishi/etc_data_processor/src/proto/data_processor.pb.gw.go:224.3,224.137 1 0
github.com/yhonda-ohishi/etc_data_processor/src/proto/data_processor.pb.gw.go:227.2,227.12 1 0
github.com/yhonda-ohishi/etc_data_processor/src/proto/data_processor.pb.gw.go:232.151,234.16 2 0
github.com/yhonda-ohishi/etc_data_processor/src/proto/data_processor.pb.gw.go:234.16,236.3 1 0
github.com/yhonda-ohishi/etc_data_processor/src/proto/data_processor.pb.gw.go:237.2,237.15 1 0
github.com/yhonda-ohishi/etc_data_processor/src/proto/data_processor.pb.gw.go:237.15,238.17 1 0
github.com/yhonda-ohishi/etc_data_processor/src/proto/data_processor.pb.gw.go:238.17,239.41 1 0
github.com/yhonda-ohishi/etc_data_processor/src/proto/data_processor.pb.gw.go:239.41,241.5 1 0
github.com/yhonda-ohishi/etc_data_processor/src/proto/data_processor.pb.gw.go:242.4,242.10 1 0
github.com/yhonda-ohishi/etc_data_processor/src/proto/data_processor.pb.gw.go:244.3,244.13 1 0
github.com/yhonda-ohishi/etc_data_processor/src/proto/data_processor.pb.gw.go:244.13,246.41 2 0
github.com/yhonda-ohishi/etc_data_processor/src/proto/data_processor.pb.gw.go:246.41,248.5 1 0
github.com/yhonda-ohishi/etc_data_processor/src/proto/data_processor.pb.gw.go:251.2,251.60 1 0
github.com/yhonda-ohishi/etc_data_processor/src/proto/data_processor.pb.gw.go:256.115,258.2 1 0
github.com/yhonda-ohishi/etc_data_processor/src/proto/data_processor.pb.gw.go:265.133,266.154 1 0
github.com/yhonda-ohishi/etc_data_processor/src/proto/data_processor.pb.gw.go:266.154,271.17 5 0
github.com/yhonda-ohishi/etc_data_processor/src/proto/data_processor.pb.gw.go:271.17,274.4 2 0
github.com/yhonda-ohishi/etc_data_processor/src/proto/data_processor.pb.gw.go:275.3,277.17 3 0
github.com/yhonda-ohishi/etc_data_processor/src/proto/data_processor.pb.gw.go:277.17,280.4 2 0
github.com/yhonda-ohishi/etc_data_processor/src/proto/data_processor.pb.gw.go:281.3,281.140 1 0
github.com/yhonda-ohishi/etc_data_processor/src/proto/data_processor.pb.gw.go:283.2,283.154 1 0
github.com/yhonda-ohishi/etc_data_processor/src/proto/data_processor.pb.gw.go:283.154,288.17 5 0
github.com/yhonda-ohishi/etc_data_processor/src/proto/data_processor.pb.gw.go:288.17,291.4 2 0
github.com/yhonda-ohishi/etc_data_processor/src/proto/data_processor.pb.gw.go:292.3,294.17 3 0
github.com/yhonda-ohishi/etc_data_processor/src/proto/data_processor.pb.gw.go:294.17,297.4 2 0
github.com/yhonda-ohishi/etc_data_processor/src/proto/data_processor.pb.gw.go:298.3,298.140 1 0
github.com/yhonda-ohishi/etc_data_processor/src/proto/data_processor.pb.gw.go:300.2,300.155 1 0
github.com/yhonda-ohishi/etc_data_processor/src/proto/data_processor.pb.gw.go:300.155,305.17 5 0
github.com/yhonda-ohishi/etc_data_processor/src/proto/data_processor.pb.gw.go:305.17,308.4 2 0
github.com/yhonda-ohishi/etc_data_processor/src/proto/data_processor.pb.gw.go:309.3,311.17 3 0
github.com/yhonda-ohishi/etc_data_processor/src/proto/data_processor.pb.gw.go:311.17,314.4 2 0
github.com/yhonda-ohishi/etc_data_processor/src/proto/data_processor.pb.gw.go:315.3,315.141 1 0
github.com/yhonda-ohishi/etc_data_processor/src/proto/data_processor.pb.gw.go:317.2,317.150 1 0
github.com/yhonda-ohishi/etc_data_processor/src/proto/data_processor.pb.gw.go:317.150,322.17 5 0
github.com/yhonda-ohishi/etc_data_processor/src/proto/data_processor.pb.gw.go:322.17,325.4 2 0
github.com/yhonda-ohishi/etc_data_processor/src/proto/data_processor.pb.gw.go:326.3,328.17 3 0
github.com/yhonda-ohishi/etc_data_processor/src/proto/data_processor.pb.gw.go:328.17,331.4 2 0
github.com/yhonda-ohishi/etc_data_processor/src/proto/data_processor.pb.gw.go:332.3,332.137 1 0
github.com/yhonda-ohishi/etc_data_processor/src/proto/data_processor.pb.gw.go:334.2,334.12 1 0
github.com/yhonda-ohishi/etc_data_processor/src/proto/data_processor_grpc.pb.go:42.92,44.2 1 0
github.com/yhonda-ohishi/etc_data_processor/src/proto/data_processor_grpc.pb.go:46.159,50.16 4 0
github.com/yhonda-ohishi/etc_data_processor/src/proto/data_processor_grpc.pb.go:50.16,52.3 1 0
github.com/yhonda-ohishi/etc_data_processor/src/proto/data_processor_grpc.pb.go:53.2,53.17 1 0
github.com/yhonda-ohishi/etc_data_processor/src/proto/data_processor_grpc.pb.go:56.159,60.16 4 0
github.com/yhonda-ohishi/etc_data_processor/src/proto/data_processor_grpc.pb.go:60.16,62.3 1 0
github.com/yhonda-ohishi/etc_data_processor/src/proto/data_processor_grpc.pb.go:63.2,63.17 1 0
github.com/yhonda-ohishi/etc_data_processor/src/proto/data_processor_grpc.pb.go:66.162,70.16 4 0
github.com/yhonda-ohishi/etc_data_processor/src/proto/data_processor_grpc.pb.go:70.16,72.3 1 0
github.com/yhonda-ohishi/etc_data_processor/src/proto/data_processor_grpc.pb.go:73.2,73.17 1 0
github.com/yhonda-ohishi/etc_data_processor/src/proto/data_processor_grpc.pb.go:76.150,80.16 4 0
github.com/yhonda-ohishi/etc_data_processor/src/proto/data_processor_grpc.pb.go:80.16,82.3 1 0
github.com/yhonda-ohishi/etc_data_processor/src/proto/data_processor_grpc.pb.go:83.2,83.17 1 0
github.com/yhonda-ohishi/etc_data_processor/src/proto/data_processor_grpc.pb.go:104.137,106.2 1 0
github.com/yhonda-ohishi/etc_data_processor/src/proto/data_processor_grpc.pb.go:107.137,109.2 1 0
github.com/yhonda-ohishi/etc_data_processor/src/proto/data_processor_grpc.pb.go:110.140,112.2 1 0
github.com/yhonda-ohishi/etc_data_processor/src/proto/data_processor_grpc.pb.go:113.128,115.2 1 0
github.com/yhonda-ohishi/etc_data_processor/src/proto/data_processor_grpc.pb.go:116.100,116.101 0 0
github.com/yhonda-ohishi/etc_data_processor/src/proto/data_processor_grpc.pb.go:117.100,117.101 0 0
github.com/yhonda-ohishi/etc_data_processor/src/proto/data_processor_grpc.pb.go:126.98,131.59 1 0
github.com/yhonda-ohishi/etc_data_processor/src/proto/data_processor_grpc.pb.go:131.59,133.3 1 0
github.com/yhonda-ohishi/etc_data_processor/src/proto/data_processor_grpc.pb.go:134.2,134.59 1 0
github.com/yhonda-ohishi/etc_data_processor/src/proto/data_processor_grpc.pb.go:137.180,139.32 2 0
github.com/yhonda-ohishi/etc_data_processor/src/proto/data_processor_grpc.pb.go:139.32,141.3 1 0
github.com/yhonda-ohishi/etc_data_processor/src/proto/data_processor_grpc.pb.go:142.2,142.24 1 0
github.com/yhonda-ohishi/etc_data_processor/src/proto/data_processor_grpc.pb.go:142.24,144.3 1 0
github.com/yhonda-ohishi/etc_data_processor/src/proto/data_processor_grpc.pb.go:145.2,149.77 2 0
github.com/yhonda-ohishi/etc_data_processor/src/proto/data_processor_grpc.pb.go:149.77,151.3 1 0
github.com/yhonda-ohishi/etc_data_processor/src/proto/data_processor_grpc.pb.go:152.2,152.44 1 0
github.com/yhonda-ohishi/etc_data_processor/src/proto/data_processor_grpc.pb.go:155.180,157.32 2 0
github.com/yhonda-ohishi/etc_data_processor/src/proto/data_processor_grpc.pb.go:157.32,159.3 1 0
github.com/yhonda-ohishi/etc_data_processor/src/proto/data_processor_grpc.pb.go:160.2,160.24 1 0
github.com/yhonda-ohishi/etc_data_processor/src/proto/data_processor_grpc.pb.go:160.24,162.3 1 0
github.com/yhonda-ohishi/etc_data_processor/src/proto/data_processor_grpc.pb.go:163.2,167.77 2 0
github.com/yhonda-ohishi/etc_data_processor/src/proto/data_processor_grpc.pb.go:167.77,169.3 1 0
github.com/yhonda-ohishi/etc_data_processor/src/proto/data_processor_grpc.pb.go:170.2,170.44 1 0
github.com/yhonda-ohishi/etc_data_processor/src/proto/data_processor_grpc.pb.go:173.181,175.32 2 0
github.com/yhonda-ohishi/etc_data_processor/src/proto/data_processor_grpc.pb.go:175.32,177.3 1 0
github.com/yhonda-ohishi/etc_data_processor/src/proto/data_processor_grpc.pb.go:178.2,178.24 1 0
github.com/yhonda-ohishi/etc_data_processor/src/proto/data_processor_grpc.pb.go:178.24,180.3 1 0
github.com/yhonda-ohishi/etc_data_processor/src/proto/data_processor_grpc.pb.go:181.2,185.77 2 0
github.com/yhonda-ohishi/etc_data_processor/src/proto/data_processor_grpc.pb.go:185.77,187.3 1 0
github.com/yhonda-ohishi/etc_data_processor/src/proto/data_processor_grpc.pb.go:188.2,188.44 1 0
github.com/yhonda-ohishi/etc_data_processor/src/proto/data_processor_grpc.pb.go:191.177,193.32 2 0
github.com/yhonda-ohishi/etc_data_processor/src/proto/data_processor_grpc.pb.go:193.32,195.3 1 0
github.com/yhonda-ohishi/etc_data_processor/src/proto/data_processor_grpc.pb.go:196.2,196.24 1 0
github.com/yhonda-ohishi/etc_data_processor/src/proto/data_processor_grpc.pb.go:196.24,198.3 1 0
github.com/yhonda-ohishi/etc_data_processor/src/proto/data_processor_grpc.pb.go:199.2,203.77 2 0
github.com/yhonda-ohishi/etc_data_processor/src/proto/data_processor_grpc.pb.go:203.77,205.3 1 0
github.com/yhonda-ohishi/etc_data_processor/src/proto/data_processor_grpc.pb.go:206.2,206.44 1 0
