mode: set
github.com/yhonda-ohishi/etc_data_processor/src/pkg/parser/csv_parser.go:27.32,29.2 1 0
github.com/yhonda-ohishi/etc_data_processor/src/pkg/parser/csv_parser.go:32.66,33.19 1 0
github.com/yhonda-ohishi/etc_data_processor/src/pkg/parser/csv_parser.go:33.19,35.3 1 0
github.com/yhonda-ohishi/etc_data_processor/src/pkg/parser/csv_parser.go:37.2,42.16 4 0
github.com/yhonda-ohishi/etc_data_processor/src/pkg/parser/csv_parser.go:42.16,44.3 1 0
github.com/yhonda-ohishi/etc_data_processor/src/pkg/parser/csv_parser.go:46.2,46.23 1 0
github.com/yhonda-ohishi/etc_data_processor/src/pkg/parser/csv_parser.go:46.23,48.3 1 0
github.com/yhonda-ohishi/etc_data_processor/src/pkg/parser/csv_parser.go:51.2,52.51 2 0
github.com/yhonda-ohishi/etc_data_processor/src/pkg/parser/csv_parser.go:52.51,54.3 1 0
github.com/yhonda-ohishi/etc_data_processor/src/pkg/parser/csv_parser.go:56.2,56.32 1 0
github.com/yhonda-ohishi/etc_data_processor/src/pkg/parser/csv_parser.go:56.32,58.3 1 0
github.com/yhonda-ohishi/etc_data_processor/src/pkg/parser/csv_parser.go:60.2,60.46 1 0
github.com/yhonda-ohishi/etc_data_processor/src/pkg/parser/csv_parser.go:64.93,66.45 2 0
github.com/yhonda-ohishi/etc_data_processor/src/pkg/parser/csv_parser.go:66.45,71.17 3 0
github.com/yhonda-ohishi/etc_data_processor/src/pkg/parser/csv_parser.go:71.17,73.4 1 0
github.com/yhonda-ohishi/etc_data_processor/src/pkg/parser/csv_parser.go:76.3,77.17 2 0
github.com/yhonda-ohishi/etc_data_processor/src/pkg/parser/csv_parser.go:77.17,79.4 1 0
github.com/yhonda-ohishi/etc_data_processor/src/pkg/parser/csv_parser.go:81.3,92.53 2 0
github.com/yhonda-ohishi/etc_data_processor/src/pkg/parser/csv_parser.go:92.53,94.4 1 0
github.com/yhonda-ohishi/etc_data_processor/src/pkg/parser/csv_parser.go:96.3,96.45 1 0
github.com/yhonda-ohishi/etc_data_processor/src/pkg/parser/csv_parser.go:99.2,99.24 1 0
github.com/yhonda-ohishi/etc_data_processor/src/pkg/parser/csv_parser.go:103.69,105.16 2 0
github.com/yhonda-ohishi/etc_data_processor/src/pkg/parser/csv_parser.go:105.16,107.3 1 0
github.com/yhonda-ohishi/etc_data_processor/src/pkg/parser/csv_parser.go:108.2,110.22 2 0
github.com/yhonda-ohishi/etc_data_processor/src/pkg/parser/csv_parser.go:114.60,116.26 1 0
github.com/yhonda-ohishi/etc_data_processor/src/pkg/parser/csv_parser.go:116.26,118.3 1 0
github.com/yhonda-ohishi/etc_data_processor/src/pkg/parser/csv_parser.go:119.2,119.25 1 0
github.com/yhonda-ohishi/etc_data_processor/src/pkg/parser/csv_parser.go:119.25,121.3 1 0
github.com/yhonda-ohishi/etc_data_processor/src/pkg/parser/csv_parser.go:122.2,122.24 1 0
github.com/yhonda-ohishi/etc_data_processor/src/pkg/parser/csv_parser.go:122.24,124.3 1 0
github.com/yhonda-ohishi/etc_data_processor/src/pkg/parser/csv_parser.go:125.2,125.30 1 0
github.com/yhonda-ohishi/etc_data_processor/src/pkg/parser/csv_parser.go:125.30,127.3 1 0
github.com/yhonda-ohishi/etc_data_processor/src/pkg/parser/csv_parser.go:128.2,128.29 1 0
github.com/yhonda-ohishi/etc_data_processor/src/pkg/parser/csv_parser.go:128.29,130.3 1 0
github.com/yhonda-ohishi/etc_data_processor/src/pkg/parser/csv_parser.go:133.2,133.23 1 0
github.com/yhonda-ohishi/etc_data_processor/src/pkg/parser/csv_parser.go:133.23,135.3 1 0
github.com/yhonda-ohishi/etc_data_processor/src/pkg/parser/csv_parser.go:138.2,138.35 1 0
github.com/yhonda-ohishi/etc_data_processor/src/pkg/parser/csv_parser.go:138.35,140.3 1 0
github.com/yhonda-ohishi/etc_data_processor/src/pkg/parser/csv_parser.go:143.2,144.33 2 0
github.com/yhonda-ohishi/etc_data_processor/src/pkg/parser/csv_parser.go:144.33,146.3 1 0
github.com/yhonda-ohishi/etc_data_processor/src/pkg/parser/csv_parser.go:148.2,148.12 1 0
github.com/yhonda-ohishi/etc_data_processor/src/pkg/parser/etc_csv_parser.go:39.38,41.2 1 1
github.com/yhonda-ohishi/etc_data_processor/src/pkg/parser/etc_csv_parser.go:44.78,46.16 2 0
github.com/yhonda-ohishi/etc_data_processor/src/pkg/parser/etc_csv_parser.go:46.16,48.3 1 0
github.com/yhonda-ohishi/etc_data_processor/src/pkg/parser/etc_csv_parser.go:49.2,54.24 3 0
github.com/yhonda-ohishi/etc_data_processor/src/pkg/parser/etc_csv_parser.go:58.75,59.19 1 0
github.com/yhonda-ohishi/etc_data_processor/src/pkg/parser/etc_csv_parser.go:59.19,61.3 1 0
github.com/yhonda-ohishi/etc_data_processor/src/pkg/parser/etc_csv_parser.go:63.2,69.16 5 0
github.com/yhonda-ohishi/etc_data_processor/src/pkg/parser/etc_csv_parser.go:69.16,71.3 1 0
github.com/yhonda-ohishi/etc_data_processor/src/pkg/parser/etc_csv_parser.go:73.2,73.23 1 0
github.com/yhonda-ohishi/etc_data_processor/src/pkg/parser/etc_csv_parser.go:73.23,75.3 1 0
github.com/yhonda-ohishi/etc_data_processor/src/pkg/parser/etc_csv_parser.go:78.2,82.22 3 0
github.com/yhonda-ohishi/etc_data_processor/src/pkg/parser/etc_csv_parser.go:82.22,87.32 3 0
github.com/yhonda-ohishi/etc_data_processor/src/pkg/parser/etc_csv_parser.go:87.32,90.48 1 0
github.com/yhonda-ohishi/etc_data_processor/src/pkg/parser/etc_csv_parser.go:90.48,92.10 2 0
github.com/yhonda-ohishi/etc_data_processor/src/pkg/parser/etc_csv_parser.go:96.3,96.15 1 0
github.com/yhonda-ohishi/etc_data_processor/src/pkg/parser/etc_csv_parser.go:96.15,98.35 1 0
github.com/yhonda-ohishi/etc_data_processor/src/pkg/parser/etc_csv_parser.go:98.35,100.5 1 0
github.com/yhonda-ohishi/etc_data_processor/src/pkg/parser/etc_csv_parser.go:101.4,101.18 1 0
github.com/yhonda-ohishi/etc_data_processor/src/pkg/parser/etc_csv_parser.go:105.2,105.72 1 0
github.com/yhonda-ohishi/etc_data_processor/src/pkg/parser/etc_csv_parser.go:105.72,107.3 1 0
github.com/yhonda-ohishi/etc_data_processor/src/pkg/parser/etc_csv_parser.go:109.2,110.45 2 0
github.com/yhonda-ohishi/etc_data_processor/src/pkg/parser/etc_csv_parser.go:110.45,116.25 3 0
github.com/yhonda-ohishi/etc_data_processor/src/pkg/parser/etc_csv_parser.go:116.25,119.4 1 0
github.com/yhonda-ohishi/etc_data_processor/src/pkg/parser/etc_csv_parser.go:119.9,122.24 1 0
github.com/yhonda-ohishi/etc_data_processor/src/pkg/parser/etc_csv_parser.go:122.24,124.13 1 0
github.com/yhonda-ohishi/etc_data_processor/src/pkg/parser/etc_csv_parser.go:127.4,139.39 2 0
github.com/yhonda-ohishi/etc_data_processor/src/pkg/parser/etc_csv_parser.go:139.39,141.19 2 0
github.com/yhonda-ohishi/etc_data_processor/src/pkg/parser/etc_csv_parser.go:141.19,144.6 1 0
github.com/yhonda-ohishi/etc_data_processor/src/pkg/parser/etc_csv_parser.go:144.11,146.6 1 0
github.com/yhonda-ohishi/etc_data_processor/src/pkg/parser/etc_csv_parser.go:150.4,150.39 1 0
github.com/yhonda-ohishi/etc_data_processor/src/pkg/parser/etc_csv_parser.go:150.39,152.19 2 0
github.com/yhonda-ohishi/etc_data_processor/src/pkg/parser/etc_csv_parser.go:152.19,154.6 1 0
github.com/yhonda-ohishi/etc_data_processor/src/pkg/parser/etc_csv_parser.go:154.11,156.6 1 0
github.com/yhonda-ohishi/etc_data_processor/src/pkg/parser/etc_csv_parser.go:160.4,160.39 1 0
github.com/yhonda-ohishi/etc_data_processor/src/pkg/parser/etc_csv_parser.go:160.39,162.19 2 0
github.com/yhonda-ohishi/etc_data_processor/src/pkg/parser/etc_csv_parser.go:162.19,164.6 1 0
github.com/yhonda-ohishi/etc_data_processor/src/pkg/parser/etc_csv_parser.go:164.11,166.6 1 0
github.com/yhonda-ohishi/etc_data_processor/src/pkg/parser/etc_csv_parser.go:170.4,170.40 1 0
github.com/yhonda-ohishi/etc_data_processor/src/pkg/parser/etc_csv_parser.go:170.40,172.19 2 0
github.com/yhonda-ohishi/etc_data_processor/src/pkg/parser/etc_csv_parser.go:172.19,174.6 1 0
github.com/yhonda-ohishi/etc_data_processor/src/pkg/parser/etc_csv_parser.go:174.11,176.6 1 0
github.com/yhonda-ohishi/etc_data_processor/src/pkg/parser/etc_csv_parser.go:180.4,189.48 4 0
github.com/yhonda-ohishi/etc_data_processor/src/pkg/parser/etc_csv_parser.go:193.3,193.53 1 0
github.com/yhonda-ohishi/etc_data_processor/src/pkg/parser/etc_csv_parser.go:193.54,196.4 0 0
github.com/yhonda-ohishi/etc_data_processor/src/pkg/parser/etc_csv_parser.go:198.3,198.45 1 0
github.com/yhonda-ohishi/etc_data_processor/src/pkg/parser/etc_csv_parser.go:201.2,201.24 1 0
github.com/yhonda-ohishi/etc_data_processor/src/pkg/parser/etc_csv_parser.go:205.59,210.31 2 0
github.com/yhonda-ohishi/etc_data_processor/src/pkg/parser/etc_csv_parser.go:210.31,212.17 2 0
github.com/yhonda-ohishi/etc_data_processor/src/pkg/parser/etc_csv_parser.go:212.17,214.4 1 0
github.com/yhonda-ohishi/etc_data_processor/src/pkg/parser/etc_csv_parser.go:215.3,215.20 1 0
github.com/yhonda-ohishi/etc_data_processor/src/pkg/parser/etc_csv_parser.go:219.2,220.16 2 0
github.com/yhonda-ohishi/etc_data_processor/src/pkg/parser/etc_csv_parser.go:220.16,222.3 1 0
github.com/yhonda-ohishi/etc_data_processor/src/pkg/parser/etc_csv_parser.go:223.2,223.19 1 0
github.com/yhonda-ohishi/etc_data_processor/src/pkg/parser/etc_csv_parser.go:227.69,232.29 1 1
github.com/yhonda-ohishi/etc_data_processor/src/pkg/parser/etc_csv_parser.go:232.29,234.3 1 0
github.com/yhonda-ohishi/etc_data_processor/src/pkg/parser/etc_csv_parser.go:237.2,237.28 1 1
github.com/yhonda-ohishi/etc_data_processor/src/pkg/parser/etc_csv_parser.go:237.28,239.17 2 1
github.com/yhonda-ohishi/etc_data_processor/src/pkg/parser/etc_csv_parser.go:239.17,241.4 1 1
github.com/yhonda-ohishi/etc_data_processor/src/pkg/parser/etc_csv_parser.go:244.2,244.27 1 1
github.com/yhonda-ohishi/etc_data_processor/src/pkg/parser/etc_csv_parser.go:244.27,246.17 2 1
github.com/yhonda-ohishi/etc_data_processor/src/pkg/parser/etc_csv_parser.go:246.17,248.4 1 0
github.com/yhonda-ohishi/etc_data_processor/src/pkg/parser/etc_csv_parser.go:251.2,251.12 1 1
github.com/yhonda-ohishi/etc_data_processor/src/pkg/parser/etc_csv_parser.go:255.69,258.21 2 1
github.com/yhonda-ohishi/etc_data_processor/src/pkg/parser/etc_csv_parser.go:258.21,260.3 1 1
github.com/yhonda-ohishi/etc_data_processor/src/pkg/parser/etc_csv_parser.go:262.2,263.16 2 1
github.com/yhonda-ohishi/etc_data_processor/src/pkg/parser/etc_csv_parser.go:263.16,265.3 1 1
github.com/yhonda-ohishi/etc_data_processor/src/pkg/parser/etc_csv_parser.go:267.2,267.16 1 1
github.com/yhonda-ohishi/etc_data_processor/src/pkg/parser/etc_csv_parser.go:267.16,268.16 1 1
github.com/yhonda-ohishi/etc_data_processor/src/pkg/parser/etc_csv_parser.go:268.16,270.4 1 1
github.com/yhonda-ohishi/etc_data_processor/src/pkg/parser/etc_csv_parser.go:270.9,272.4 1 1
github.com/yhonda-ohishi/etc_data_processor/src/pkg/parser/etc_csv_parser.go:275.2,276.16 2 1
github.com/yhonda-ohishi/etc_data_processor/src/pkg/parser/etc_csv_parser.go:276.16,278.3 1 1
github.com/yhonda-ohishi/etc_data_processor/src/pkg/parser/etc_csv_parser.go:280.2,281.16 2 1
github.com/yhonda-ohishi/etc_data_processor/src/pkg/parser/etc_csv_parser.go:281.16,283.3 1 1
github.com/yhonda-ohishi/etc_data_processor/src/pkg/parser/etc_csv_parser.go:285.2,285.75 1 1
github.com/yhonda-ohishi/etc_data_processor/src/pkg/parser/etc_csv_parser.go:289.89,291.16 2 1
github.com/yhonda-ohishi/etc_data_processor/src/pkg/parser/etc_csv_parser.go:291.16,294.17 2 1
github.com/yhonda-ohishi/etc_data_processor/src/pkg/parser/etc_csv_parser.go:294.17,296.4 1 1
github.com/yhonda-ohishi/etc_data_processor/src/pkg/parser/etc_csv_parser.go:300.2,301.17 2 1
github.com/yhonda-ohishi/etc_data_processor/src/pkg/parser/etc_csv_parser.go:301.17,303.3 1 0
github.com/yhonda-ohishi/etc_data_processor/src/pkg/parser/etc_csv_parser.go:305.2,305.16 1 1
github.com/yhonda-ohishi/etc_data_processor/src/pkg/parser/etc_csv_parser.go:305.16,307.3 1 0
github.com/yhonda-ohishi/etc_data_processor/src/pkg/parser/etc_csv_parser.go:309.2,317.8 1 1
github.com/yhonda-ohishi/etc_data_processor/src/pkg/parser/etc_csv_parser.go:321.72,322.25 1 0
github.com/yhonda-ohishi/etc_data_processor/src/pkg/parser/etc_csv_parser.go:322.25,324.3 1 0
github.com/yhonda-ohishi/etc_data_processor/src/pkg/parser/etc_csv_parser.go:325.2,325.11 1 0
github.com/yhonda-ohishi/etc_data_processor/src/pkg/parser/etc_csv_parser.go:329.100,345.27 10 0
github.com/yhonda-ohishi/etc_data_processor/src/pkg/parser/etc_csv_parser.go:345.27,347.17 2 0
github.com/yhonda-ohishi/etc_data_processor/src/pkg/parser/etc_csv_parser.go:347.17,349.4 1 0
github.com/yhonda-ohishi/etc_data_processor/src/pkg/parser/etc_csv_parser.go:353.2,354.23 2 0
github.com/yhonda-ohishi/etc_data_processor/src/pkg/parser/etc_csv_parser.go:354.23,356.17 2 0
github.com/yhonda-ohishi/etc_data_processor/src/pkg/parser/etc_csv_parser.go:356.17,358.4 1 0
github.com/yhonda-ohishi/etc_data_processor/src/pkg/parser/etc_csv_parser.go:362.2,363.24 2 0
github.com/yhonda-ohishi/etc_data_processor/src/pkg/parser/etc_csv_parser.go:363.24,365.17 2 0
github.com/yhonda-ohishi/etc_data_processor/src/pkg/parser/etc_csv_parser.go:365.17,367.4 1 0
github.com/yhonda-ohishi/etc_data_processor/src/pkg/parser/etc_csv_parser.go:371.2,372.26 2 0
github.com/yhonda-ohishi/etc_data_processor/src/pkg/parser/etc_csv_parser.go:372.26,374.32 2 0
github.com/yhonda-ohishi/etc_data_processor/src/pkg/parser/etc_csv_parser.go:374.32,377.4 1 0
github.com/yhonda-ohishi/etc_data_processor/src/pkg/parser/etc_csv_parser.go:381.2,382.27 2 0
github.com/yhonda-ohishi/etc_data_processor/src/pkg/parser/etc_csv_parser.go:382.27,384.17 2 0
github.com/yhonda-ohishi/etc_data_processor/src/pkg/parser/etc_csv_parser.go:384.17,386.4 1 0
github.com/yhonda-ohishi/etc_data_processor/src/pkg/parser/etc_csv_parser.go:389.2,393.18 4 0
github.com/yhonda-ohishi/etc_data_processor/src/pkg/parser/etc_csv_parser.go:397.114,398.41 1 0
github.com/yhonda-ohishi/etc_data_processor/src/pkg/parser/etc_csv_parser.go:398.41,399.51 1 0
github.com/yhonda-ohishi/etc_data_processor/src/pkg/parser/etc_csv_parser.go:399.51,400.25 1 0
github.com/yhonda-ohishi/etc_data_processor/src/pkg/parser/etc_csv_parser.go:400.25,402.5 1 0
github.com/yhonda-ohishi/etc_data_processor/src/pkg/parser/etc_csv_parser.go:405.2,405.11 1 0
github.com/yhonda-ohishi/etc_data_processor/src/pkg/parser/etc_csv_parser.go:409.79,411.22 2 0
github.com/yhonda-ohishi/etc_data_processor/src/pkg/parser/etc_csv_parser.go:411.22,413.17 2 0
github.com/yhonda-ohishi/etc_data_processor/src/pkg/parser/etc_csv_parser.go:413.17,415.4 1 0
github.com/yhonda-ohishi/etc_data_processor/src/pkg/parser/etc_csv_parser.go:416.3,416.15 1 0
github.com/yhonda-ohishi/etc_data_processor/src/pkg/parser/etc_csv_parser.go:418.2,418.10 1 0
github.com/yhonda-ohishi/etc_data_processor/src/pkg/parser/etc_csv_parser.go:422.91,423.32 1 0
github.com/yhonda-ohishi/etc_data_processor/src/pkg/parser/etc_csv_parser.go:423.32,425.3 1 0
github.com/yhonda-ohishi/etc_data_processor/src/pkg/parser/etc_csv_parser.go:426.2,426.12 1 0
